

Working Directory = /home/shadab/shadab/genus_flow/counter/work
QoS Summary for counter
================================================================================
Metric                          syn_generic     syn_map         syn_opt        
================================================================================

View : view_wcl_slow
Slack (ps):                     2,415           2,037           2,037
  R2R (ps):                     4,218           3,500           3,500
  I2R (ps):                  no_value        no_value        no_value
  R2O (ps):                     4,914           4,544           4,544
  I2O (ps):                  no_value        no_value        no_value
  CG  (ps):                     2,415           2,037           2,037
TNS (ps):                           0               0               0
  R2R (ps):                         0               0               0
  I2R (ps):                  no_value        no_value        no_value
  R2O (ps):                         0               0               0
  I2O (ps):                  no_value        no_value        no_value
  CG  (ps):                         0               0               0
Failing Paths:                      0               0               0

View : view_wcl_fast
Slack (ps):                       730             576             576
  R2R (ps):                     1,184             922             922
  I2R (ps):                  no_value        no_value        no_value
  R2O (ps):                     1,576           1,423           1,423
  I2O (ps):                  no_value        no_value        no_value
  CG  (ps):                       730             576             576
TNS (ps):                           0               0               0
  R2R (ps):                         0               0               0
  I2R (ps):                  no_value        no_value        no_value
  R2O (ps):                         0               0               0
  I2O (ps):                  no_value        no_value        no_value
  CG  (ps):                         0               0               0
Failing Paths:                      0               0               0

View : view_wcl_typical
Slack (ps):                     1,628           1,407           1,407
  R2R (ps):                     2,848           2,478           2,478
  I2R (ps):                  no_value        no_value        no_value
  R2O (ps):                     3,293           3,074           3,074
  I2O (ps):                  no_value        no_value        no_value
  CG  (ps):                     1,628           1,407           1,407
TNS (ps):                           0               0               0
  R2R (ps):                         0               0               0
  I2R (ps):                  no_value        no_value        no_value
  R2O (ps):                         0               0               0
  I2O (ps):                  no_value        no_value        no_value
  CG  (ps):                         0               0               0
Failing Paths:                      0               0               0

Cell Area:                      1,380             855             855
Total Cell Area:                1,380             855             855
Leaf Instances:                    38              23              23
Total Instances:                   38              23              23
Utilization (%):                 0.00            0.00            0.00
Tot. Net Length (um):        no_value        no_value        no_value
Avg. Net Length (um):        no_value        no_value        no_value
Route Overflow H (%):        no_value        no_value        no_value
Route Overflow V (%):        no_value        no_value        no_value
MBCI(%) (bits/gate) :            0.00            0.00            0.00
Norm Cong Hotspot Area:
  Max Cong:                  no_value        no_value        no_value
  Tot Cong:                  no_value        no_value        no_value
================================================================================
CPU  Runtime (h:m:s):        00:40:13        00:30:06        00:30:00
Real Runtime (h:m:s):        04:07:11        00:30:22        00:30:00
CPU  Elapsed (h:m:s):        00:40:17        00:40:23        00:40:23
Real Elapsed (h:m:s):        04:07:15        04:07:34        04:07:34
Memory (MB):                  1557.55         1551.64         1551.46
================================================================================
================================================================================
Flow Settings:
================================================================================
Total Runtime (h:m:s): 04:07:55
Total Memory (MB):     1583.47
Executable Version:    21.14-s082_1
================================================================================
Total Cell Area =  Cell Area + Physical Cell Area
Total Instances =  Leaf Instances + Physical Instances


