============================================================
  Generated by:           Genus(TM) Synthesis Solution 21.14-s082_1
  Generated on:           Jan 20 2026  03:32:06 pm
  Module:                 simple_alu
  Library domain:         timing_cond_wcl_slow
    Domain index:         0
    Technology library:   slow 
  Library domain:         timing_cond_wcl_fast
    Domain index:         1
    Technology library:   fast 
  Library domain:         timing_cond_wcl_typical
    Domain index:         2
    Technology library:   typical 
  Operating conditions:   slow 
  Operating conditions:   fast 
  Operating conditions:   typical 
  Interconnect mode:      global
  Area mode:              timing library
============================================================

                              Leakage          Library 
   Gate    Instances  Area  Power (nW) Library  Domain 
-------------------------------------------------------
ADDFHX1            1  0.000      0.261    slow       0 
ADDFHX4           31  0.000     15.937    slow       0 
AOI2BB1X2          1  0.000      0.135    slow       0 
AOI2BB1X4         28  0.000      7.496    slow       0 
AOI31X4           29  0.000     10.491    slow       0 
CLKINVX2           1  0.000      0.066    slow       0 
CLKINVX4           3  0.000      0.399    slow       0 
CLKXOR2X2         30  0.000      4.772    slow       0 
NAND2X8            1  0.000      0.519    slow       0 
NAND3X8            3  0.000      2.304    slow       0 
NOR2X8             3  0.000      1.159    slow       0 
NOR4BX4            1  0.000      0.350    slow       0 
NOR4X8             1  0.000      0.632    slow       0 
OAI221X4           3  0.000      1.541    slow       0 
OAI2BB1X4         29  0.000      8.937    slow       0 
OR2X6              1  0.000      0.344    slow       0 
OR4X6              8  0.000      3.935    slow       0 
XOR2X4             2  0.000      0.542    slow       0 
-------------------------------------------------------
total            176  0.000     59.819         


                                        Leakage  Leakage 
     Type      Instances  Area Area % Power (nW) Power % 
---------------------------------------------------------
inverter               4 0.000    0.0      0.465     0.8 
logic                172 0.000    0.0     59.354    99.2 
physical_cells         0 0.000    0.0      0.000     0.0 
---------------------------------------------------------
total                176 0.000    0.0     59.819   100.0 

