============================================================
  Generated by:           Genus(TM) Synthesis Solution 21.14-s082_1
  Generated on:           Jan 20 2026  03:32:06 pm
  Module:                 simple_alu
  Library domain:         timing_cond_wcl_slow
    Domain index:         0
    Technology library:   slow 
  Library domain:         timing_cond_wcl_fast
    Domain index:         1
    Technology library:   fast 
  Library domain:         timing_cond_wcl_typical
    Domain index:         2
    Technology library:   typical 
  Operating conditions:   slow 
  Operating conditions:   fast 
  Operating conditions:   typical 
  Interconnect mode:      global
  Area mode:              timing library
============================================================

Timing
--------

  Analysis view   Clock   Period 
---------------------------------
view_wcl_slow    VIR_CLK 10000.0 
view_wcl_fast    VIR_CLK  5000.0 
view_wcl_typical VIR_CLK  7000.0 


    Analysis       Cost   Critical        Violating 
      View        Group  Path Slack  TNS    Paths   
----------------------------------------------------
view_wcl_slow    default   No paths  0.0          0 
                 VIR_CLK      415.6  0.0          0 
----------------------------------------------------
Total                               -0.0          0 
                                                    
view_wcl_fast    default   No paths  0.0          0 
                 VIR_CLK     1851.4  0.0          0 
----------------------------------------------------
Total                               -0.0          0 
                                                    
view_wcl_typical default   No paths  0.0          0 
                 VIR_CLK     1975.5  0.0          0 
----------------------------------------------------
Total                               -0.0          0 
                                                    

Instance Count
--------------
Leaf Instance Count             176 
Physical Instance count           0 
Sequential Instance Count         0 
Combinational Instance Count    176 
Hierarchical Instance Count      32 

Area
----
Cell Area                          0.000
Physical Cell Area                 0.000
Total Cell Area (Cell+Physical)    0.000
Net Area                           307.097
Total Area (Cell+Physical+Net)     307.097

Runtime                            0.0 seconds
Elapsed Runtime                    36 seconds
Genus peak memory usage            1502.26 
Innovus peak memory usage          no_value 
Hostname                           localhost
