============================================================
  Generated by:           Genus(TM) Synthesis Solution 21.14-s082_1
  Generated on:           Jan 20 2026  03:32:01 pm
  Module:                 simple_alu
  Library domain:         timing_cond_wcl_slow
    Domain index:         0
    Technology library:   slow 
  Library domain:         timing_cond_wcl_fast
    Domain index:         1
    Technology library:   fast 
  Library domain:         timing_cond_wcl_typical
    Domain index:         2
    Technology library:   typical 
  Operating conditions:   slow 
  Operating conditions:   fast 
  Operating conditions:   typical 
  Interconnect mode:      global
  Area mode:              timing library
============================================================

  Instance      Module     Cell Count  Cell Area  Net Area   Total Area 
------------------------------------------------------------------------
simple_alu                        672      0.000    25.202       25.202 
  I1_INST0  full_adder             10      0.000     0.000        0.000 
  I1_INST1  full_adder_95          10      0.000     0.000        0.000 
  I1_INST2  full_adder_94          10      0.000     0.000        0.000 
  I1_INST3  full_adder_93          10      0.000     0.000        0.000 
  I1_INST4  full_adder_92          10      0.000     0.000        0.000 
  I1_INST5  full_adder_91          10      0.000     0.000        0.000 
  I1_INST6  full_adder_90          10      0.000     0.000        0.000 
  I1_INST7  full_adder_89          10      0.000     0.000        0.000 
  I1_INST8  full_adder_88          10      0.000     0.000        0.000 
  I1_INST9  full_adder_87          10      0.000     0.000        0.000 
  I1_INST10 full_adder_86          10      0.000     0.000        0.000 
  I1_INST11 full_adder_85          10      0.000     0.000        0.000 
  I1_INST12 full_adder_84          10      0.000     0.000        0.000 
  I1_INST13 full_adder_83          10      0.000     0.000        0.000 
  I1_INST14 full_adder_82          10      0.000     0.000        0.000 
  I1_INST15 full_adder_81          10      0.000     0.000        0.000 
  I1_INST16 full_adder_80          10      0.000     0.000        0.000 
  I1_INST17 full_adder_79          10      0.000     0.000        0.000 
  I1_INST18 full_adder_78          10      0.000     0.000        0.000 
  I1_INST19 full_adder_77          10      0.000     0.000        0.000 
  I1_INST20 full_adder_76          10      0.000     0.000        0.000 
  I1_INST21 full_adder_75          10      0.000     0.000        0.000 
  I1_INST22 full_adder_74          10      0.000     0.000        0.000 
  I1_INST23 full_adder_73          10      0.000     0.000        0.000 
  I1_INST24 full_adder_72          10      0.000     0.000        0.000 
  I1_INST25 full_adder_71          10      0.000     0.000        0.000 
  I1_INST26 full_adder_70          10      0.000     0.000        0.000 
  I1_INST27 full_adder_69          10      0.000     0.000        0.000 
  I1_INST28 full_adder_68          10      0.000     0.000        0.000 
  I1_INST29 full_adder_67          10      0.000     0.000        0.000 
  I1_INST30 full_adder_66          10      0.000     0.000        0.000 
  I1_INST31 full_adder_65          10      0.000     0.000        0.000 
