============================================================
  Generated by:           Genus(TM) Synthesis Solution 21.14-s082_1
  Generated on:           Jan 20 2026  03:32:01 pm
  Module:                 simple_alu
  Library domain:         timing_cond_wcl_slow
    Domain index:         0
    Technology library:   slow 
  Library domain:         timing_cond_wcl_fast
    Domain index:         1
    Technology library:   fast 
  Library domain:         timing_cond_wcl_typical
    Domain index:         2
    Technology library:   typical 
  Operating conditions:   slow 
  Operating conditions:   fast 
  Operating conditions:   typical 
  Interconnect mode:      global
  Area mode:              timing library
============================================================

                                        Leakage  Leakage 
     Type      Instances  Area Area % Power (nW) Power % 
---------------------------------------------------------
logic                672 0.000    0.0     15.173   100.0 
physical_cells         0 0.000    0.0      0.000     0.0 
---------------------------------------------------------
total                672 0.000    0.0     15.173   100.0 

