============================================================
  Generated by:           Genus(TM) Synthesis Solution 21.14-s082_1
  Generated on:           Jan 20 2026  03:32:01 pm
  Module:                 simple_alu
  Operating conditions:   slow 
  Operating conditions:   fast 
  Operating conditions:   typical 
  Interconnect mode:      global
  Area mode:              timing library
============================================================


Path 1: MET (4000 ps) Late External Delay Assertion at pin Cout
           View: view_wcl_fast
          Group: VIR_CLK
     Startpoint: (R) ALUControl[0]
          Clock: (R) VIR_CLK
       Endpoint: (R) Cout
          Clock: (R) VIR_CLK

                     Capture       Launch     
        Clock Edge:+    5000            0     
        Drv Adjust:+       0            0     
       Src Latency:+       0            0     
       Net Latency:+       0 (I)        0 (I) 
           Arrival:=    5000            0     
                                              
      Output Delay:-     500                  
     Required Time:=    4500                  
      Launch Clock:-       0                  
       Input Delay:-     500                  
         Data Path:-       0                  
             Slack:=    4000                  

Exceptions/Constraints:
  input_delay              500             simple_alu_fast.sdc_line_3_161_1 
  output_delay             500             simple_alu_fast.sdc_line_4_193_1 

#--------------------------------------------------------------------------------------------------
#  Timing Point   Flags    Arc    Edge       Cell         Fanout Load Trans Delay Arrival Instance 
#                                                                (fF)  (ps)  (ps)   (ps)  Location 
#--------------------------------------------------------------------------------------------------
  ALUControl[0]   (u)     -       R     (arrival)             68  6.8     0     0     500    (-,-) 
  g1958/z         (u)     in_1->z F     unmapped_complex2      1  0.1     0     0     500    (-,-) 
  g722/z          (u)     in_1->z R     unmapped_nand2         4  0.4     0     0     500    (-,-) 
  I1_INST31/g23/z (u)     in_1->z F     unmapped_nand2         1  0.1     0     0     500    (-,-) 
  I1_INST31/g18/z (u)     in_1->z R     unmapped_nand2         1  1.9     0     0     500    (-,-) 
  Cout            -       -       R     (port)                 -    -     -     0     500    (-,-) 
#--------------------------------------------------------------------------------------------------

(u) : Net has unmapped pin(s).



Path 2: MET (4000 ps) Late External Delay Assertion at pin zero
           View: view_wcl_fast
          Group: VIR_CLK
     Startpoint: (R) ALUControl[1]
          Clock: (R) VIR_CLK
       Endpoint: (R) zero
          Clock: (R) VIR_CLK

                     Capture       Launch     
        Clock Edge:+    5000            0     
        Drv Adjust:+       0            0     
       Src Latency:+       0            0     
       Net Latency:+       0 (I)        0 (I) 
           Arrival:=    5000            0     
                                              
      Output Delay:-     500                  
     Required Time:=    4500                  
      Launch Clock:-       0                  
       Input Delay:-     500                  
         Data Path:-       0                  
             Slack:=    4000                  

Exceptions/Constraints:
  input_delay              500             simple_alu_fast.sdc_line_3_160_1 
  output_delay             500             simple_alu_fast.sdc_line_4_192_1 

#-------------------------------------------------------------------------------------------------
# Timing Point   Flags    Arc    Edge       Cell         Fanout Load Trans Delay Arrival Instance 
#                                                               (fF)  (ps)  (ps)   (ps)  Location 
#-------------------------------------------------------------------------------------------------
  ALUControl[1]  (u)     -       R     (arrival)             65  6.5     0     0     500    (-,-) 
  g1933/z        (u)     in_1->z R     unmapped_complex2      1  0.1     0     0     500    (-,-) 
  g1766/z        (u)     in_1->z F     unmapped_complex2      2  2.0     0     0     500    (-,-) 
  g1719/z        (u)     in_1->z F     unmapped_or2           1  0.1     0     0     500    (-,-) 
  g1934/z        (u)     in_1->z R     unmapped_nor2          1  1.9     0     0     500    (-,-) 
  zero           -       -       R     (port)                 -    -     -     0     500    (-,-) 
#-------------------------------------------------------------------------------------------------

(u) : Net has unmapped pin(s).



Path 3: MET (4000 ps) Late External Delay Assertion at pin Result[0]
           View: view_wcl_fast
          Group: VIR_CLK
     Startpoint: (R) ALUControl[1]
          Clock: (R) VIR_CLK
       Endpoint: (R) Result[0]
          Clock: (R) VIR_CLK

                     Capture       Launch     
        Clock Edge:+    5000            0     
        Drv Adjust:+       0            0     
       Src Latency:+       0            0     
       Net Latency:+       0 (I)        0 (I) 
           Arrival:=    5000            0     
                                              
      Output Delay:-     500                  
     Required Time:=    4500                  
      Launch Clock:-       0                  
       Input Delay:-     500                  
         Data Path:-       0                  
             Slack:=    4000                  

Exceptions/Constraints:
  input_delay              500             simple_alu_fast.sdc_line_3_160_1 
  output_delay             500             simple_alu_fast.sdc_line_4_191_1 

#-------------------------------------------------------------------------------------------------
# Timing Point   Flags    Arc    Edge       Cell         Fanout Load Trans Delay Arrival Instance 
#                                                               (fF)  (ps)  (ps)   (ps)  Location 
#-------------------------------------------------------------------------------------------------
  ALUControl[1]  (u)     -       R     (arrival)             65  6.5     0     0     500    (-,-) 
  g1812/z        (u)     in_1->z F     unmapped_complex2      1  0.1     0     0     500    (-,-) 
  g1741/z        (u)     in_1->z R     unmapped_complex2      2  2.0     0     0     500    (-,-) 
  Result[0]      -       -       R     (port)                 -    -     -     0     500    (-,-) 
#-------------------------------------------------------------------------------------------------

(u) : Net has unmapped pin(s).



Path 4: MET (4000 ps) Late External Delay Assertion at pin Result[1]
           View: view_wcl_fast
          Group: VIR_CLK
     Startpoint: (R) ALUControl[1]
          Clock: (R) VIR_CLK
       Endpoint: (R) Result[1]
          Clock: (R) VIR_CLK

                     Capture       Launch     
        Clock Edge:+    5000            0     
        Drv Adjust:+       0            0     
       Src Latency:+       0            0     
       Net Latency:+       0 (I)        0 (I) 
           Arrival:=    5000            0     
                                              
      Output Delay:-     500                  
     Required Time:=    4500                  
      Launch Clock:-       0                  
       Input Delay:-     500                  
         Data Path:-       0                  
             Slack:=    4000                  

Exceptions/Constraints:
  input_delay              500             simple_alu_fast.sdc_line_3_160_1 
  output_delay             500             simple_alu_fast.sdc_line_4_190_1 

#-------------------------------------------------------------------------------------------------
# Timing Point   Flags    Arc    Edge       Cell         Fanout Load Trans Delay Arrival Instance 
#                                                               (fF)  (ps)  (ps)   (ps)  Location 
#-------------------------------------------------------------------------------------------------
  ALUControl[1]  (u)     -       R     (arrival)             65  6.5     0     0     500    (-,-) 
  g1809/z        (u)     in_1->z F     unmapped_complex2      1  0.1     0     0     500    (-,-) 
  g1747/z        (u)     in_1->z R     unmapped_complex2      2  2.0     0     0     500    (-,-) 
  Result[1]      -       -       R     (port)                 -    -     -     0     500    (-,-) 
#-------------------------------------------------------------------------------------------------

(u) : Net has unmapped pin(s).



Path 5: MET (4000 ps) Late External Delay Assertion at pin Result[2]
           View: view_wcl_fast
          Group: VIR_CLK
     Startpoint: (R) ALUControl[1]
          Clock: (R) VIR_CLK
       Endpoint: (R) Result[2]
          Clock: (R) VIR_CLK

                     Capture       Launch     
        Clock Edge:+    5000            0     
        Drv Adjust:+       0            0     
       Src Latency:+       0            0     
       Net Latency:+       0 (I)        0 (I) 
           Arrival:=    5000            0     
                                              
      Output Delay:-     500                  
     Required Time:=    4500                  
      Launch Clock:-       0                  
       Input Delay:-     500                  
         Data Path:-       0                  
             Slack:=    4000                  

Exceptions/Constraints:
  input_delay              500             simple_alu_fast.sdc_line_3_160_1 
  output_delay             500             simple_alu_fast.sdc_line_4_189_1 

#-------------------------------------------------------------------------------------------------
# Timing Point   Flags    Arc    Edge       Cell         Fanout Load Trans Delay Arrival Instance 
#                                                               (fF)  (ps)  (ps)   (ps)  Location 
#-------------------------------------------------------------------------------------------------
  ALUControl[1]  (u)     -       R     (arrival)             65  6.5     0     0     500    (-,-) 
  g1813/z        (u)     in_1->z F     unmapped_complex2      1  0.1     0     0     500    (-,-) 
  g1753/z        (u)     in_1->z R     unmapped_complex2      2  2.0     0     0     500    (-,-) 
  Result[2]      -       -       R     (port)                 -    -     -     0     500    (-,-) 
#-------------------------------------------------------------------------------------------------

(u) : Net has unmapped pin(s).



Path 6: MET (4000 ps) Late External Delay Assertion at pin Result[3]
           View: view_wcl_fast
          Group: VIR_CLK
     Startpoint: (R) ALUControl[1]
          Clock: (R) VIR_CLK
       Endpoint: (R) Result[3]
          Clock: (R) VIR_CLK

                     Capture       Launch     
        Clock Edge:+    5000            0     
        Drv Adjust:+       0            0     
       Src Latency:+       0            0     
       Net Latency:+       0 (I)        0 (I) 
           Arrival:=    5000            0     
                                              
      Output Delay:-     500                  
     Required Time:=    4500                  
      Launch Clock:-       0                  
       Input Delay:-     500                  
         Data Path:-       0                  
             Slack:=    4000                  

Exceptions/Constraints:
  input_delay              500             simple_alu_fast.sdc_line_3_160_1 
  output_delay             500             simple_alu_fast.sdc_line_4_188_1 

#-------------------------------------------------------------------------------------------------
# Timing Point   Flags    Arc    Edge       Cell         Fanout Load Trans Delay Arrival Instance 
#                                                               (fF)  (ps)  (ps)   (ps)  Location 
#-------------------------------------------------------------------------------------------------
  ALUControl[1]  (u)     -       R     (arrival)             65  6.5     0     0     500    (-,-) 
  g1817/z        (u)     in_1->z F     unmapped_complex2      1  0.1     0     0     500    (-,-) 
  g1759/z        (u)     in_1->z R     unmapped_complex2      2  2.0     0     0     500    (-,-) 
  Result[3]      -       -       R     (port)                 -    -     -     0     500    (-,-) 
#-------------------------------------------------------------------------------------------------

(u) : Net has unmapped pin(s).



Path 7: MET (4000 ps) Late External Delay Assertion at pin Result[4]
           View: view_wcl_fast
          Group: VIR_CLK
     Startpoint: (R) ALUControl[1]
          Clock: (R) VIR_CLK
       Endpoint: (R) Result[4]
          Clock: (R) VIR_CLK

                     Capture       Launch     
        Clock Edge:+    5000            0     
        Drv Adjust:+       0            0     
       Src Latency:+       0            0     
       Net Latency:+       0 (I)        0 (I) 
           Arrival:=    5000            0     
                                              
      Output Delay:-     500                  
     Required Time:=    4500                  
      Launch Clock:-       0                  
       Input Delay:-     500                  
         Data Path:-       0                  
             Slack:=    4000                  

Exceptions/Constraints:
  input_delay              500             simple_alu_fast.sdc_line_3_160_1 
  output_delay             500             simple_alu_fast.sdc_line_4_187_1 

#-------------------------------------------------------------------------------------------------
# Timing Point   Flags    Arc    Edge       Cell         Fanout Load Trans Delay Arrival Instance 
#                                                               (fF)  (ps)  (ps)   (ps)  Location 
#-------------------------------------------------------------------------------------------------
  ALUControl[1]  (u)     -       R     (arrival)             65  6.5     0     0     500    (-,-) 
  g1821/z        (u)     in_1->z F     unmapped_complex2      1  0.1     0     0     500    (-,-) 
  g1765/z        (u)     in_1->z R     unmapped_complex2      2  2.0     0     0     500    (-,-) 
  Result[4]      -       -       R     (port)                 -    -     -     0     500    (-,-) 
#-------------------------------------------------------------------------------------------------

(u) : Net has unmapped pin(s).



Path 8: MET (4000 ps) Late External Delay Assertion at pin Result[5]
           View: view_wcl_fast
          Group: VIR_CLK
     Startpoint: (R) ALUControl[1]
          Clock: (R) VIR_CLK
       Endpoint: (R) Result[5]
          Clock: (R) VIR_CLK

                     Capture       Launch     
        Clock Edge:+    5000            0     
        Drv Adjust:+       0            0     
       Src Latency:+       0            0     
       Net Latency:+       0 (I)        0 (I) 
           Arrival:=    5000            0     
                                              
      Output Delay:-     500                  
     Required Time:=    4500                  
      Launch Clock:-       0                  
       Input Delay:-     500                  
         Data Path:-       0                  
             Slack:=    4000                  

Exceptions/Constraints:
  input_delay              500             simple_alu_fast.sdc_line_3_160_1 
  output_delay             500             simple_alu_fast.sdc_line_4_186_1 

#-------------------------------------------------------------------------------------------------
# Timing Point   Flags    Arc    Edge       Cell         Fanout Load Trans Delay Arrival Instance 
#                                                               (fF)  (ps)  (ps)   (ps)  Location 
#-------------------------------------------------------------------------------------------------
  ALUControl[1]  (u)     -       R     (arrival)             65  6.5     0     0     500    (-,-) 
  g1825/z        (u)     in_1->z F     unmapped_complex2      1  0.1     0     0     500    (-,-) 
  g1771/z        (u)     in_1->z R     unmapped_complex2      2  2.0     0     0     500    (-,-) 
  Result[5]      -       -       R     (port)                 -    -     -     0     500    (-,-) 
#-------------------------------------------------------------------------------------------------

(u) : Net has unmapped pin(s).



Path 9: MET (4000 ps) Late External Delay Assertion at pin Result[6]
           View: view_wcl_fast
          Group: VIR_CLK
     Startpoint: (F) ALUControl[1]
          Clock: (R) VIR_CLK
       Endpoint: (R) Result[6]
          Clock: (R) VIR_CLK

                     Capture       Launch     
        Clock Edge:+    5000            0     
        Drv Adjust:+       0            0     
       Src Latency:+       0            0     
       Net Latency:+       0 (I)        0 (I) 
           Arrival:=    5000            0     
                                              
      Output Delay:-     500                  
     Required Time:=    4500                  
      Launch Clock:-       0                  
       Input Delay:-     500                  
         Data Path:-       0                  
             Slack:=    4000                  

Exceptions/Constraints:
  input_delay              500             simple_alu_fast.sdc_line_3_160_1 
  output_delay             500             simple_alu_fast.sdc_line_4_185_1 

#-------------------------------------------------------------------------------------------------
# Timing Point   Flags    Arc    Edge       Cell         Fanout Load Trans Delay Arrival Instance 
#                                                               (fF)  (ps)  (ps)   (ps)  Location 
#-------------------------------------------------------------------------------------------------
  ALUControl[1]  (u)     -       F     (arrival)             65  6.5     0     0     500    (-,-) 
  g1882/z        (u)     in_1->z F     unmapped_complex2      1  0.1     0     0     500    (-,-) 
  g1746/z        (u)     in_1->z R     unmapped_complex2      2  2.0     0     0     500    (-,-) 
  Result[6]      -       -       R     (port)                 -    -     -     0     500    (-,-) 
#-------------------------------------------------------------------------------------------------

(u) : Net has unmapped pin(s).



Path 10: MET (4000 ps) Late External Delay Assertion at pin Result[7]
           View: view_wcl_fast
          Group: VIR_CLK
     Startpoint: (F) ALUControl[1]
          Clock: (R) VIR_CLK
       Endpoint: (R) Result[7]
          Clock: (R) VIR_CLK

                     Capture       Launch     
        Clock Edge:+    5000            0     
        Drv Adjust:+       0            0     
       Src Latency:+       0            0     
       Net Latency:+       0 (I)        0 (I) 
           Arrival:=    5000            0     
                                              
      Output Delay:-     500                  
     Required Time:=    4500                  
      Launch Clock:-       0                  
       Input Delay:-     500                  
         Data Path:-       0                  
             Slack:=    4000                  

Exceptions/Constraints:
  input_delay              500             simple_alu_fast.sdc_line_3_160_1 
  output_delay             500             simple_alu_fast.sdc_line_4_184_1 

#-------------------------------------------------------------------------------------------------
# Timing Point   Flags    Arc    Edge       Cell         Fanout Load Trans Delay Arrival Instance 
#                                                               (fF)  (ps)  (ps)   (ps)  Location 
#-------------------------------------------------------------------------------------------------
  ALUControl[1]  (u)     -       F     (arrival)             65  6.5     0     0     500    (-,-) 
  g1884/z        (u)     in_1->z F     unmapped_complex2      1  0.1     0     0     500    (-,-) 
  g1754/z        (u)     in_1->z R     unmapped_complex2      2  2.0     0     0     500    (-,-) 
  Result[7]      -       -       R     (port)                 -    -     -     0     500    (-,-) 
#-------------------------------------------------------------------------------------------------

(u) : Net has unmapped pin(s).



Path 11: MET (4000 ps) Late External Delay Assertion at pin Result[8]
           View: view_wcl_fast
          Group: VIR_CLK
     Startpoint: (F) ALUControl[1]
          Clock: (R) VIR_CLK
       Endpoint: (R) Result[8]
          Clock: (R) VIR_CLK

                     Capture       Launch     
        Clock Edge:+    5000            0     
        Drv Adjust:+       0            0     
       Src Latency:+       0            0     
       Net Latency:+       0 (I)        0 (I) 
           Arrival:=    5000            0     
                                              
      Output Delay:-     500                  
     Required Time:=    4500                  
      Launch Clock:-       0                  
       Input Delay:-     500                  
         Data Path:-       0                  
             Slack:=    4000                  

Exceptions/Constraints:
  input_delay              500             simple_alu_fast.sdc_line_3_160_1 
  output_delay             500             simple_alu_fast.sdc_line_4_183_1 

#-------------------------------------------------------------------------------------------------
# Timing Point   Flags    Arc    Edge       Cell         Fanout Load Trans Delay Arrival Instance 
#                                                               (fF)  (ps)  (ps)   (ps)  Location 
#-------------------------------------------------------------------------------------------------
  ALUControl[1]  (u)     -       F     (arrival)             65  6.5     0     0     500    (-,-) 
  g1886/z        (u)     in_1->z F     unmapped_complex2      1  0.1     0     0     500    (-,-) 
  g1761/z        (u)     in_1->z R     unmapped_complex2      2  2.0     0     0     500    (-,-) 
  Result[8]      -       -       R     (port)                 -    -     -     0     500    (-,-) 
#-------------------------------------------------------------------------------------------------

(u) : Net has unmapped pin(s).



Path 12: MET (4000 ps) Late External Delay Assertion at pin Result[9]
           View: view_wcl_fast
          Group: VIR_CLK
     Startpoint: (F) ALUControl[1]
          Clock: (R) VIR_CLK
       Endpoint: (R) Result[9]
          Clock: (R) VIR_CLK

                     Capture       Launch     
        Clock Edge:+    5000            0     
        Drv Adjust:+       0            0     
       Src Latency:+       0            0     
       Net Latency:+       0 (I)        0 (I) 
           Arrival:=    5000            0     
                                              
      Output Delay:-     500                  
     Required Time:=    4500                  
      Launch Clock:-       0                  
       Input Delay:-     500                  
         Data Path:-       0                  
             Slack:=    4000                  

Exceptions/Constraints:
  input_delay              500             simple_alu_fast.sdc_line_3_160_1 
  output_delay             500             simple_alu_fast.sdc_line_4_182_1 

#-------------------------------------------------------------------------------------------------
# Timing Point   Flags    Arc    Edge       Cell         Fanout Load Trans Delay Arrival Instance 
#                                                               (fF)  (ps)  (ps)   (ps)  Location 
#-------------------------------------------------------------------------------------------------
  ALUControl[1]  (u)     -       F     (arrival)             65  6.5     0     0     500    (-,-) 
  g1888/z        (u)     in_1->z F     unmapped_complex2      1  0.1     0     0     500    (-,-) 
  g1768/z        (u)     in_1->z R     unmapped_complex2      2  2.0     0     0     500    (-,-) 
  Result[9]      -       -       R     (port)                 -    -     -     0     500    (-,-) 
#-------------------------------------------------------------------------------------------------

(u) : Net has unmapped pin(s).



Path 13: MET (4000 ps) Late External Delay Assertion at pin Result[10]
           View: view_wcl_fast
          Group: VIR_CLK
     Startpoint: (F) ALUControl[1]
          Clock: (R) VIR_CLK
       Endpoint: (R) Result[10]
          Clock: (R) VIR_CLK

                     Capture       Launch     
        Clock Edge:+    5000            0     
        Drv Adjust:+       0            0     
       Src Latency:+       0            0     
       Net Latency:+       0 (I)        0 (I) 
           Arrival:=    5000            0     
                                              
      Output Delay:-     500                  
     Required Time:=    4500                  
      Launch Clock:-       0                  
       Input Delay:-     500                  
         Data Path:-       0                  
             Slack:=    4000                  

Exceptions/Constraints:
  input_delay              500             simple_alu_fast.sdc_line_3_160_1 
  output_delay             500             simple_alu_fast.sdc_line_4_181_1 

#-------------------------------------------------------------------------------------------------
# Timing Point   Flags    Arc    Edge       Cell         Fanout Load Trans Delay Arrival Instance 
#                                                               (fF)  (ps)  (ps)   (ps)  Location 
#-------------------------------------------------------------------------------------------------
  ALUControl[1]  (u)     -       F     (arrival)             65  6.5     0     0     500    (-,-) 
  g1890/z        (u)     in_1->z F     unmapped_complex2      1  0.1     0     0     500    (-,-) 
  g1744/z        (u)     in_1->z R     unmapped_complex2      2  2.0     0     0     500    (-,-) 
  Result[10]     -       -       R     (port)                 -    -     -     0     500    (-,-) 
#-------------------------------------------------------------------------------------------------

(u) : Net has unmapped pin(s).



Path 14: MET (4000 ps) Late External Delay Assertion at pin Result[11]
           View: view_wcl_fast
          Group: VIR_CLK
     Startpoint: (F) ALUControl[1]
          Clock: (R) VIR_CLK
       Endpoint: (R) Result[11]
          Clock: (R) VIR_CLK

                     Capture       Launch     
        Clock Edge:+    5000            0     
        Drv Adjust:+       0            0     
       Src Latency:+       0            0     
       Net Latency:+       0 (I)        0 (I) 
           Arrival:=    5000            0     
                                              
      Output Delay:-     500                  
     Required Time:=    4500                  
      Launch Clock:-       0                  
       Input Delay:-     500                  
         Data Path:-       0                  
             Slack:=    4000                  

Exceptions/Constraints:
  input_delay              500             simple_alu_fast.sdc_line_3_160_1 
  output_delay             500             simple_alu_fast.sdc_line_4_180_1 

#-------------------------------------------------------------------------------------------------
# Timing Point   Flags    Arc    Edge       Cell         Fanout Load Trans Delay Arrival Instance 
#                                                               (fF)  (ps)  (ps)   (ps)  Location 
#-------------------------------------------------------------------------------------------------
  ALUControl[1]  (u)     -       F     (arrival)             65  6.5     0     0     500    (-,-) 
  g1892/z        (u)     in_1->z F     unmapped_complex2      1  0.1     0     0     500    (-,-) 
  g1752/z        (u)     in_1->z R     unmapped_complex2      2  2.0     0     0     500    (-,-) 
  Result[11]     -       -       R     (port)                 -    -     -     0     500    (-,-) 
#-------------------------------------------------------------------------------------------------

(u) : Net has unmapped pin(s).



Path 15: MET (4000 ps) Late External Delay Assertion at pin Result[12]
           View: view_wcl_fast
          Group: VIR_CLK
     Startpoint: (F) ALUControl[1]
          Clock: (R) VIR_CLK
       Endpoint: (R) Result[12]
          Clock: (R) VIR_CLK

                     Capture       Launch     
        Clock Edge:+    5000            0     
        Drv Adjust:+       0            0     
       Src Latency:+       0            0     
       Net Latency:+       0 (I)        0 (I) 
           Arrival:=    5000            0     
                                              
      Output Delay:-     500                  
     Required Time:=    4500                  
      Launch Clock:-       0                  
       Input Delay:-     500                  
         Data Path:-       0                  
             Slack:=    4000                  

Exceptions/Constraints:
  input_delay              500             simple_alu_fast.sdc_line_3_160_1 
  output_delay             500             simple_alu_fast.sdc_line_4_179_1 

#-------------------------------------------------------------------------------------------------
# Timing Point   Flags    Arc    Edge       Cell         Fanout Load Trans Delay Arrival Instance 
#                                                               (fF)  (ps)  (ps)   (ps)  Location 
#-------------------------------------------------------------------------------------------------
  ALUControl[1]  (u)     -       F     (arrival)             65  6.5     0     0     500    (-,-) 
  g1894/z        (u)     in_1->z F     unmapped_complex2      1  0.1     0     0     500    (-,-) 
  g1762/z        (u)     in_1->z R     unmapped_complex2      2  2.0     0     0     500    (-,-) 
  Result[12]     -       -       R     (port)                 -    -     -     0     500    (-,-) 
#-------------------------------------------------------------------------------------------------

(u) : Net has unmapped pin(s).



Path 16: MET (4000 ps) Late External Delay Assertion at pin Result[13]
           View: view_wcl_fast
          Group: VIR_CLK
     Startpoint: (F) ALUControl[1]
          Clock: (R) VIR_CLK
       Endpoint: (R) Result[13]
          Clock: (R) VIR_CLK

                     Capture       Launch     
        Clock Edge:+    5000            0     
        Drv Adjust:+       0            0     
       Src Latency:+       0            0     
       Net Latency:+       0 (I)        0 (I) 
           Arrival:=    5000            0     
                                              
      Output Delay:-     500                  
     Required Time:=    4500                  
      Launch Clock:-       0                  
       Input Delay:-     500                  
         Data Path:-       0                  
             Slack:=    4000                  

Exceptions/Constraints:
  input_delay              500             simple_alu_fast.sdc_line_3_160_1 
  output_delay             500             simple_alu_fast.sdc_line_4_178_1 

#-------------------------------------------------------------------------------------------------
# Timing Point   Flags    Arc    Edge       Cell         Fanout Load Trans Delay Arrival Instance 
#                                                               (fF)  (ps)  (ps)   (ps)  Location 
#-------------------------------------------------------------------------------------------------
  ALUControl[1]  (u)     -       F     (arrival)             65  6.5     0     0     500    (-,-) 
  g1896/z        (u)     in_1->z F     unmapped_complex2      1  0.1     0     0     500    (-,-) 
  g1770/z        (u)     in_1->z R     unmapped_complex2      2  2.0     0     0     500    (-,-) 
  Result[13]     -       -       R     (port)                 -    -     -     0     500    (-,-) 
#-------------------------------------------------------------------------------------------------

(u) : Net has unmapped pin(s).



Path 17: MET (4000 ps) Late External Delay Assertion at pin Result[14]
           View: view_wcl_fast
          Group: VIR_CLK
     Startpoint: (F) ALUControl[1]
          Clock: (R) VIR_CLK
       Endpoint: (R) Result[14]
          Clock: (R) VIR_CLK

                     Capture       Launch     
        Clock Edge:+    5000            0     
        Drv Adjust:+       0            0     
       Src Latency:+       0            0     
       Net Latency:+       0 (I)        0 (I) 
           Arrival:=    5000            0     
                                              
      Output Delay:-     500                  
     Required Time:=    4500                  
      Launch Clock:-       0                  
       Input Delay:-     500                  
         Data Path:-       0                  
             Slack:=    4000                  

Exceptions/Constraints:
  input_delay              500             simple_alu_fast.sdc_line_3_160_1 
  output_delay             500             simple_alu_fast.sdc_line_4_177_1 

#-------------------------------------------------------------------------------------------------
# Timing Point   Flags    Arc    Edge       Cell         Fanout Load Trans Delay Arrival Instance 
#                                                               (fF)  (ps)  (ps)   (ps)  Location 
#-------------------------------------------------------------------------------------------------
  ALUControl[1]  (u)     -       F     (arrival)             65  6.5     0     0     500    (-,-) 
  g1898/z        (u)     in_1->z F     unmapped_complex2      1  0.1     0     0     500    (-,-) 
  g1749/z        (u)     in_1->z R     unmapped_complex2      2  2.0     0     0     500    (-,-) 
  Result[14]     -       -       R     (port)                 -    -     -     0     500    (-,-) 
#-------------------------------------------------------------------------------------------------

(u) : Net has unmapped pin(s).



Path 18: MET (4000 ps) Late External Delay Assertion at pin Result[15]
           View: view_wcl_fast
          Group: VIR_CLK
     Startpoint: (F) ALUControl[1]
          Clock: (R) VIR_CLK
       Endpoint: (R) Result[15]
          Clock: (R) VIR_CLK

                     Capture       Launch     
        Clock Edge:+    5000            0     
        Drv Adjust:+       0            0     
       Src Latency:+       0            0     
       Net Latency:+       0 (I)        0 (I) 
           Arrival:=    5000            0     
                                              
      Output Delay:-     500                  
     Required Time:=    4500                  
      Launch Clock:-       0                  
       Input Delay:-     500                  
         Data Path:-       0                  
             Slack:=    4000                  

Exceptions/Constraints:
  input_delay              500             simple_alu_fast.sdc_line_3_160_1 
  output_delay             500             simple_alu_fast.sdc_line_4_176_1 

#-------------------------------------------------------------------------------------------------
# Timing Point   Flags    Arc    Edge       Cell         Fanout Load Trans Delay Arrival Instance 
#                                                               (fF)  (ps)  (ps)   (ps)  Location 
#-------------------------------------------------------------------------------------------------
  ALUControl[1]  (u)     -       F     (arrival)             65  6.5     0     0     500    (-,-) 
  g1900/z        (u)     in_1->z F     unmapped_complex2      1  0.1     0     0     500    (-,-) 
  g1758/z        (u)     in_1->z R     unmapped_complex2      2  2.0     0     0     500    (-,-) 
  Result[15]     -       -       R     (port)                 -    -     -     0     500    (-,-) 
#-------------------------------------------------------------------------------------------------

(u) : Net has unmapped pin(s).



Path 19: MET (4000 ps) Late External Delay Assertion at pin Result[16]
           View: view_wcl_fast
          Group: VIR_CLK
     Startpoint: (F) ALUControl[1]
          Clock: (R) VIR_CLK
       Endpoint: (R) Result[16]
          Clock: (R) VIR_CLK

                     Capture       Launch     
        Clock Edge:+    5000            0     
        Drv Adjust:+       0            0     
       Src Latency:+       0            0     
       Net Latency:+       0 (I)        0 (I) 
           Arrival:=    5000            0     
                                              
      Output Delay:-     500                  
     Required Time:=    4500                  
      Launch Clock:-       0                  
       Input Delay:-     500                  
         Data Path:-       0                  
             Slack:=    4000                  

Exceptions/Constraints:
  input_delay              500             simple_alu_fast.sdc_line_3_160_1 
  output_delay             500             simple_alu_fast.sdc_line_4_175_1 

#-------------------------------------------------------------------------------------------------
# Timing Point   Flags    Arc    Edge       Cell         Fanout Load Trans Delay Arrival Instance 
#                                                               (fF)  (ps)  (ps)   (ps)  Location 
#-------------------------------------------------------------------------------------------------
  ALUControl[1]  (u)     -       F     (arrival)             65  6.5     0     0     500    (-,-) 
  g1903/z        (u)     in_1->z F     unmapped_complex2      1  0.1     0     0     500    (-,-) 
  g1764/z        (u)     in_1->z R     unmapped_complex2      2  2.0     0     0     500    (-,-) 
  Result[16]     -       -       R     (port)                 -    -     -     0     500    (-,-) 
#-------------------------------------------------------------------------------------------------

(u) : Net has unmapped pin(s).



Path 20: MET (4000 ps) Late External Delay Assertion at pin Result[17]
           View: view_wcl_fast
          Group: VIR_CLK
     Startpoint: (F) ALUControl[1]
          Clock: (R) VIR_CLK
       Endpoint: (R) Result[17]
          Clock: (R) VIR_CLK

                     Capture       Launch     
        Clock Edge:+    5000            0     
        Drv Adjust:+       0            0     
       Src Latency:+       0            0     
       Net Latency:+       0 (I)        0 (I) 
           Arrival:=    5000            0     
                                              
      Output Delay:-     500                  
     Required Time:=    4500                  
      Launch Clock:-       0                  
       Input Delay:-     500                  
         Data Path:-       0                  
             Slack:=    4000                  

Exceptions/Constraints:
  input_delay              500             simple_alu_fast.sdc_line_3_160_1 
  output_delay             500             simple_alu_fast.sdc_line_4_174_1 

#-------------------------------------------------------------------------------------------------
# Timing Point   Flags    Arc    Edge       Cell         Fanout Load Trans Delay Arrival Instance 
#                                                               (fF)  (ps)  (ps)   (ps)  Location 
#-------------------------------------------------------------------------------------------------
  ALUControl[1]  (u)     -       F     (arrival)             65  6.5     0     0     500    (-,-) 
  g1905/z        (u)     in_1->z F     unmapped_complex2      1  0.1     0     0     500    (-,-) 
  g1750/z        (u)     in_1->z R     unmapped_complex2      2  2.0     0     0     500    (-,-) 
  Result[17]     -       -       R     (port)                 -    -     -     0     500    (-,-) 
#-------------------------------------------------------------------------------------------------

(u) : Net has unmapped pin(s).



Path 21: MET (4000 ps) Late External Delay Assertion at pin Result[18]
           View: view_wcl_fast
          Group: VIR_CLK
     Startpoint: (F) ALUControl[1]
          Clock: (R) VIR_CLK
       Endpoint: (R) Result[18]
          Clock: (R) VIR_CLK

                     Capture       Launch     
        Clock Edge:+    5000            0     
        Drv Adjust:+       0            0     
       Src Latency:+       0            0     
       Net Latency:+       0 (I)        0 (I) 
           Arrival:=    5000            0     
                                              
      Output Delay:-     500                  
     Required Time:=    4500                  
      Launch Clock:-       0                  
       Input Delay:-     500                  
         Data Path:-       0                  
             Slack:=    4000                  

Exceptions/Constraints:
  input_delay              500             simple_alu_fast.sdc_line_3_160_1 
  output_delay             500             simple_alu_fast.sdc_line_4_173_1 

#-------------------------------------------------------------------------------------------------
# Timing Point   Flags    Arc    Edge       Cell         Fanout Load Trans Delay Arrival Instance 
#                                                               (fF)  (ps)  (ps)   (ps)  Location 
#-------------------------------------------------------------------------------------------------
  ALUControl[1]  (u)     -       F     (arrival)             65  6.5     0     0     500    (-,-) 
  g1907/z        (u)     in_1->z F     unmapped_complex2      1  0.1     0     0     500    (-,-) 
  g1763/z        (u)     in_1->z R     unmapped_complex2      2  2.0     0     0     500    (-,-) 
  Result[18]     -       -       R     (port)                 -    -     -     0     500    (-,-) 
#-------------------------------------------------------------------------------------------------

(u) : Net has unmapped pin(s).



Path 22: MET (4000 ps) Late External Delay Assertion at pin Result[19]
           View: view_wcl_fast
          Group: VIR_CLK
     Startpoint: (F) ALUControl[1]
          Clock: (R) VIR_CLK
       Endpoint: (R) Result[19]
          Clock: (R) VIR_CLK

                     Capture       Launch     
        Clock Edge:+    5000            0     
        Drv Adjust:+       0            0     
       Src Latency:+       0            0     
       Net Latency:+       0 (I)        0 (I) 
           Arrival:=    5000            0     
                                              
      Output Delay:-     500                  
     Required Time:=    4500                  
      Launch Clock:-       0                  
       Input Delay:-     500                  
         Data Path:-       0                  
             Slack:=    4000                  

Exceptions/Constraints:
  input_delay              500             simple_alu_fast.sdc_line_3_160_1 
  output_delay             500             simple_alu_fast.sdc_line_4_172_1 

#-------------------------------------------------------------------------------------------------
# Timing Point   Flags    Arc    Edge       Cell         Fanout Load Trans Delay Arrival Instance 
#                                                               (fF)  (ps)  (ps)   (ps)  Location 
#-------------------------------------------------------------------------------------------------
  ALUControl[1]  (u)     -       F     (arrival)             65  6.5     0     0     500    (-,-) 
  g1909/z        (u)     in_1->z F     unmapped_complex2      1  0.1     0     0     500    (-,-) 
  g1742/z        (u)     in_1->z R     unmapped_complex2      2  2.0     0     0     500    (-,-) 
  Result[19]     -       -       R     (port)                 -    -     -     0     500    (-,-) 
#-------------------------------------------------------------------------------------------------

(u) : Net has unmapped pin(s).



Path 23: MET (4000 ps) Late External Delay Assertion at pin Result[20]
           View: view_wcl_fast
          Group: VIR_CLK
     Startpoint: (F) ALUControl[1]
          Clock: (R) VIR_CLK
       Endpoint: (R) Result[20]
          Clock: (R) VIR_CLK

                     Capture       Launch     
        Clock Edge:+    5000            0     
        Drv Adjust:+       0            0     
       Src Latency:+       0            0     
       Net Latency:+       0 (I)        0 (I) 
           Arrival:=    5000            0     
                                              
      Output Delay:-     500                  
     Required Time:=    4500                  
      Launch Clock:-       0                  
       Input Delay:-     500                  
         Data Path:-       0                  
             Slack:=    4000                  

Exceptions/Constraints:
  input_delay              500             simple_alu_fast.sdc_line_3_160_1 
  output_delay             500             simple_alu_fast.sdc_line_4_171_1 

#-------------------------------------------------------------------------------------------------
# Timing Point   Flags    Arc    Edge       Cell         Fanout Load Trans Delay Arrival Instance 
#                                                               (fF)  (ps)  (ps)   (ps)  Location 
#-------------------------------------------------------------------------------------------------
  ALUControl[1]  (u)     -       F     (arrival)             65  6.5     0     0     500    (-,-) 
  g1911/z        (u)     in_1->z F     unmapped_complex2      1  0.1     0     0     500    (-,-) 
  g1756/z        (u)     in_1->z R     unmapped_complex2      2  2.0     0     0     500    (-,-) 
  Result[20]     -       -       R     (port)                 -    -     -     0     500    (-,-) 
#-------------------------------------------------------------------------------------------------

(u) : Net has unmapped pin(s).



Path 24: MET (4000 ps) Late External Delay Assertion at pin Result[21]
           View: view_wcl_fast
          Group: VIR_CLK
     Startpoint: (F) ALUControl[1]
          Clock: (R) VIR_CLK
       Endpoint: (R) Result[21]
          Clock: (R) VIR_CLK

                     Capture       Launch     
        Clock Edge:+    5000            0     
        Drv Adjust:+       0            0     
       Src Latency:+       0            0     
       Net Latency:+       0 (I)        0 (I) 
           Arrival:=    5000            0     
                                              
      Output Delay:-     500                  
     Required Time:=    4500                  
      Launch Clock:-       0                  
       Input Delay:-     500                  
         Data Path:-       0                  
             Slack:=    4000                  

Exceptions/Constraints:
  input_delay              500             simple_alu_fast.sdc_line_3_160_1 
  output_delay             500             simple_alu_fast.sdc_line_4_170_1 

#-------------------------------------------------------------------------------------------------
# Timing Point   Flags    Arc    Edge       Cell         Fanout Load Trans Delay Arrival Instance 
#                                                               (fF)  (ps)  (ps)   (ps)  Location 
#-------------------------------------------------------------------------------------------------
  ALUControl[1]  (u)     -       F     (arrival)             65  6.5     0     0     500    (-,-) 
  g1913/z        (u)     in_1->z F     unmapped_complex2      1  0.1     0     0     500    (-,-) 
  g1769/z        (u)     in_1->z R     unmapped_complex2      2  2.0     0     0     500    (-,-) 
  Result[21]     -       -       R     (port)                 -    -     -     0     500    (-,-) 
#-------------------------------------------------------------------------------------------------

(u) : Net has unmapped pin(s).



Path 25: MET (4000 ps) Late External Delay Assertion at pin Result[22]
           View: view_wcl_fast
          Group: VIR_CLK
     Startpoint: (F) ALUControl[1]
          Clock: (R) VIR_CLK
       Endpoint: (R) Result[22]
          Clock: (R) VIR_CLK

                     Capture       Launch     
        Clock Edge:+    5000            0     
        Drv Adjust:+       0            0     
       Src Latency:+       0            0     
       Net Latency:+       0 (I)        0 (I) 
           Arrival:=    5000            0     
                                              
      Output Delay:-     500                  
     Required Time:=    4500                  
      Launch Clock:-       0                  
       Input Delay:-     500                  
         Data Path:-       0                  
             Slack:=    4000                  

Exceptions/Constraints:
  input_delay              500             simple_alu_fast.sdc_line_3_160_1 
  output_delay             500             simple_alu_fast.sdc_line_4_169_1 

#-------------------------------------------------------------------------------------------------
# Timing Point   Flags    Arc    Edge       Cell         Fanout Load Trans Delay Arrival Instance 
#                                                               (fF)  (ps)  (ps)   (ps)  Location 
#-------------------------------------------------------------------------------------------------
  ALUControl[1]  (u)     -       F     (arrival)             65  6.5     0     0     500    (-,-) 
  g1915/z        (u)     in_1->z F     unmapped_complex2      1  0.1     0     0     500    (-,-) 
  g1755/z        (u)     in_1->z R     unmapped_complex2      2  2.0     0     0     500    (-,-) 
  Result[22]     -       -       R     (port)                 -    -     -     0     500    (-,-) 
#-------------------------------------------------------------------------------------------------

(u) : Net has unmapped pin(s).



Path 26: MET (4000 ps) Late External Delay Assertion at pin Result[23]
           View: view_wcl_fast
          Group: VIR_CLK
     Startpoint: (F) ALUControl[1]
          Clock: (R) VIR_CLK
       Endpoint: (R) Result[23]
          Clock: (R) VIR_CLK

                     Capture       Launch     
        Clock Edge:+    5000            0     
        Drv Adjust:+       0            0     
       Src Latency:+       0            0     
       Net Latency:+       0 (I)        0 (I) 
           Arrival:=    5000            0     
                                              
      Output Delay:-     500                  
     Required Time:=    4500                  
      Launch Clock:-       0                  
       Input Delay:-     500                  
         Data Path:-       0                  
             Slack:=    4000                  

Exceptions/Constraints:
  input_delay              500             simple_alu_fast.sdc_line_3_160_1 
  output_delay             500             simple_alu_fast.sdc_line_4_168_1 

#-------------------------------------------------------------------------------------------------
# Timing Point   Flags    Arc    Edge       Cell         Fanout Load Trans Delay Arrival Instance 
#                                                               (fF)  (ps)  (ps)   (ps)  Location 
#-------------------------------------------------------------------------------------------------
  ALUControl[1]  (u)     -       F     (arrival)             65  6.5     0     0     500    (-,-) 
  g1917/z        (u)     in_1->z F     unmapped_complex2      1  0.1     0     0     500    (-,-) 
  g1772/z        (u)     in_1->z R     unmapped_complex2      2  2.0     0     0     500    (-,-) 
  Result[23]     -       -       R     (port)                 -    -     -     0     500    (-,-) 
#-------------------------------------------------------------------------------------------------

(u) : Net has unmapped pin(s).



Path 27: MET (4000 ps) Late External Delay Assertion at pin Result[24]
           View: view_wcl_fast
          Group: VIR_CLK
     Startpoint: (F) ALUControl[1]
          Clock: (R) VIR_CLK
       Endpoint: (R) Result[24]
          Clock: (R) VIR_CLK

                     Capture       Launch     
        Clock Edge:+    5000            0     
        Drv Adjust:+       0            0     
       Src Latency:+       0            0     
       Net Latency:+       0 (I)        0 (I) 
           Arrival:=    5000            0     
                                              
      Output Delay:-     500                  
     Required Time:=    4500                  
      Launch Clock:-       0                  
       Input Delay:-     500                  
         Data Path:-       0                  
             Slack:=    4000                  

Exceptions/Constraints:
  input_delay              500             simple_alu_fast.sdc_line_3_160_1 
  output_delay             500             simple_alu_fast.sdc_line_4_167_1 

#-------------------------------------------------------------------------------------------------
# Timing Point   Flags    Arc    Edge       Cell         Fanout Load Trans Delay Arrival Instance 
#                                                               (fF)  (ps)  (ps)   (ps)  Location 
#-------------------------------------------------------------------------------------------------
  ALUControl[1]  (u)     -       F     (arrival)             65  6.5     0     0     500    (-,-) 
  g1919/z        (u)     in_1->z F     unmapped_complex2      1  0.1     0     0     500    (-,-) 
  g1760/z        (u)     in_1->z R     unmapped_complex2      2  2.0     0     0     500    (-,-) 
  Result[24]     -       -       R     (port)                 -    -     -     0     500    (-,-) 
#-------------------------------------------------------------------------------------------------

(u) : Net has unmapped pin(s).



Path 28: MET (4000 ps) Late External Delay Assertion at pin Result[25]
           View: view_wcl_fast
          Group: VIR_CLK
     Startpoint: (F) ALUControl[1]
          Clock: (R) VIR_CLK
       Endpoint: (R) Result[25]
          Clock: (R) VIR_CLK

                     Capture       Launch     
        Clock Edge:+    5000            0     
        Drv Adjust:+       0            0     
       Src Latency:+       0            0     
       Net Latency:+       0 (I)        0 (I) 
           Arrival:=    5000            0     
                                              
      Output Delay:-     500                  
     Required Time:=    4500                  
      Launch Clock:-       0                  
       Input Delay:-     500                  
         Data Path:-       0                  
             Slack:=    4000                  

Exceptions/Constraints:
  input_delay              500             simple_alu_fast.sdc_line_3_160_1 
  output_delay             500             simple_alu_fast.sdc_line_4_166_1 

#-------------------------------------------------------------------------------------------------
# Timing Point   Flags    Arc    Edge       Cell         Fanout Load Trans Delay Arrival Instance 
#                                                               (fF)  (ps)  (ps)   (ps)  Location 
#-------------------------------------------------------------------------------------------------
  ALUControl[1]  (u)     -       F     (arrival)             65  6.5     0     0     500    (-,-) 
  g1921/z        (u)     in_1->z F     unmapped_complex2      1  0.1     0     0     500    (-,-) 
  g1748/z        (u)     in_1->z R     unmapped_complex2      2  2.0     0     0     500    (-,-) 
  Result[25]     -       -       R     (port)                 -    -     -     0     500    (-,-) 
#-------------------------------------------------------------------------------------------------

(u) : Net has unmapped pin(s).



Path 29: MET (4000 ps) Late External Delay Assertion at pin Result[26]
           View: view_wcl_fast
          Group: VIR_CLK
     Startpoint: (F) ALUControl[1]
          Clock: (R) VIR_CLK
       Endpoint: (R) Result[26]
          Clock: (R) VIR_CLK

                     Capture       Launch     
        Clock Edge:+    5000            0     
        Drv Adjust:+       0            0     
       Src Latency:+       0            0     
       Net Latency:+       0 (I)        0 (I) 
           Arrival:=    5000            0     
                                              
      Output Delay:-     500                  
     Required Time:=    4500                  
      Launch Clock:-       0                  
       Input Delay:-     500                  
         Data Path:-       0                  
             Slack:=    4000                  

Exceptions/Constraints:
  input_delay              500             simple_alu_fast.sdc_line_3_160_1 
  output_delay             500             simple_alu_fast.sdc_line_4_165_1 

#-------------------------------------------------------------------------------------------------
# Timing Point   Flags    Arc    Edge       Cell         Fanout Load Trans Delay Arrival Instance 
#                                                               (fF)  (ps)  (ps)   (ps)  Location 
#-------------------------------------------------------------------------------------------------
  ALUControl[1]  (u)     -       F     (arrival)             65  6.5     0     0     500    (-,-) 
  g1923/z        (u)     in_1->z F     unmapped_complex2      1  0.1     0     0     500    (-,-) 
  g1743/z        (u)     in_1->z R     unmapped_complex2      2  2.0     0     0     500    (-,-) 
  Result[26]     -       -       R     (port)                 -    -     -     0     500    (-,-) 
#-------------------------------------------------------------------------------------------------

(u) : Net has unmapped pin(s).



Path 30: MET (4000 ps) Late External Delay Assertion at pin Result[27]
           View: view_wcl_fast
          Group: VIR_CLK
     Startpoint: (F) ALUControl[1]
          Clock: (R) VIR_CLK
       Endpoint: (R) Result[27]
          Clock: (R) VIR_CLK

                     Capture       Launch     
        Clock Edge:+    5000            0     
        Drv Adjust:+       0            0     
       Src Latency:+       0            0     
       Net Latency:+       0 (I)        0 (I) 
           Arrival:=    5000            0     
                                              
      Output Delay:-     500                  
     Required Time:=    4500                  
      Launch Clock:-       0                  
       Input Delay:-     500                  
         Data Path:-       0                  
             Slack:=    4000                  

Exceptions/Constraints:
  input_delay              500             simple_alu_fast.sdc_line_3_160_1 
  output_delay             500             simple_alu_fast.sdc_line_4_164_1 

#-------------------------------------------------------------------------------------------------
# Timing Point   Flags    Arc    Edge       Cell         Fanout Load Trans Delay Arrival Instance 
#                                                               (fF)  (ps)  (ps)   (ps)  Location 
#-------------------------------------------------------------------------------------------------
  ALUControl[1]  (u)     -       F     (arrival)             65  6.5     0     0     500    (-,-) 
  g1925/z        (u)     in_1->z F     unmapped_complex2      1  0.1     0     0     500    (-,-) 
  g1767/z        (u)     in_1->z R     unmapped_complex2      2  2.0     0     0     500    (-,-) 
  Result[27]     -       -       R     (port)                 -    -     -     0     500    (-,-) 
#-------------------------------------------------------------------------------------------------

(u) : Net has unmapped pin(s).



Path 31: MET (4000 ps) Late External Delay Assertion at pin Result[28]
           View: view_wcl_fast
          Group: VIR_CLK
     Startpoint: (F) ALUControl[1]
          Clock: (R) VIR_CLK
       Endpoint: (R) Result[28]
          Clock: (R) VIR_CLK

                     Capture       Launch     
        Clock Edge:+    5000            0     
        Drv Adjust:+       0            0     
       Src Latency:+       0            0     
       Net Latency:+       0 (I)        0 (I) 
           Arrival:=    5000            0     
                                              
      Output Delay:-     500                  
     Required Time:=    4500                  
      Launch Clock:-       0                  
       Input Delay:-     500                  
         Data Path:-       0                  
             Slack:=    4000                  

Exceptions/Constraints:
  input_delay              500             simple_alu_fast.sdc_line_3_160_1 
  output_delay             500             simple_alu_fast.sdc_line_4_163_1 

#-------------------------------------------------------------------------------------------------
# Timing Point   Flags    Arc    Edge       Cell         Fanout Load Trans Delay Arrival Instance 
#                                                               (fF)  (ps)  (ps)   (ps)  Location 
#-------------------------------------------------------------------------------------------------
  ALUControl[1]  (u)     -       F     (arrival)             65  6.5     0     0     500    (-,-) 
  g1927/z        (u)     in_1->z F     unmapped_complex2      1  0.1     0     0     500    (-,-) 
  g1745/z        (u)     in_1->z R     unmapped_complex2      2  2.0     0     0     500    (-,-) 
  Result[28]     -       -       R     (port)                 -    -     -     0     500    (-,-) 
#-------------------------------------------------------------------------------------------------

(u) : Net has unmapped pin(s).



Path 32: MET (4000 ps) Late External Delay Assertion at pin Result[29]
           View: view_wcl_fast
          Group: VIR_CLK
     Startpoint: (F) ALUControl[1]
          Clock: (R) VIR_CLK
       Endpoint: (R) Result[29]
          Clock: (R) VIR_CLK

                     Capture       Launch     
        Clock Edge:+    5000            0     
        Drv Adjust:+       0            0     
       Src Latency:+       0            0     
       Net Latency:+       0 (I)        0 (I) 
           Arrival:=    5000            0     
                                              
      Output Delay:-     500                  
     Required Time:=    4500                  
      Launch Clock:-       0                  
       Input Delay:-     500                  
         Data Path:-       0                  
             Slack:=    4000                  

Exceptions/Constraints:
  input_delay              500             simple_alu_fast.sdc_line_3_160_1 
  output_delay             500             simple_alu_fast.sdc_line_4_162_1 

#-------------------------------------------------------------------------------------------------
# Timing Point   Flags    Arc    Edge       Cell         Fanout Load Trans Delay Arrival Instance 
#                                                               (fF)  (ps)  (ps)   (ps)  Location 
#-------------------------------------------------------------------------------------------------
  ALUControl[1]  (u)     -       F     (arrival)             65  6.5     0     0     500    (-,-) 
  g1929/z        (u)     in_1->z F     unmapped_complex2      1  0.1     0     0     500    (-,-) 
  g1757/z        (u)     in_1->z R     unmapped_complex2      2  2.0     0     0     500    (-,-) 
  Result[29]     -       -       R     (port)                 -    -     -     0     500    (-,-) 
#-------------------------------------------------------------------------------------------------

(u) : Net has unmapped pin(s).



Path 33: MET (4000 ps) Late External Delay Assertion at pin Result[30]
           View: view_wcl_fast
          Group: VIR_CLK
     Startpoint: (F) ALUControl[1]
          Clock: (R) VIR_CLK
       Endpoint: (R) Result[30]
          Clock: (R) VIR_CLK

                     Capture       Launch     
        Clock Edge:+    5000            0     
        Drv Adjust:+       0            0     
       Src Latency:+       0            0     
       Net Latency:+       0 (I)        0 (I) 
           Arrival:=    5000            0     
                                              
      Output Delay:-     500                  
     Required Time:=    4500                  
      Launch Clock:-       0                  
       Input Delay:-     500                  
         Data Path:-       0                  
             Slack:=    4000                  

Exceptions/Constraints:
  input_delay              500             simple_alu_fast.sdc_line_3_160_1 
  output_delay             500             simple_alu_fast.sdc_line_4_161_1 

#-------------------------------------------------------------------------------------------------
# Timing Point   Flags    Arc    Edge       Cell         Fanout Load Trans Delay Arrival Instance 
#                                                               (fF)  (ps)  (ps)   (ps)  Location 
#-------------------------------------------------------------------------------------------------
  ALUControl[1]  (u)     -       F     (arrival)             65  6.5     0     0     500    (-,-) 
  g1931/z        (u)     in_1->z F     unmapped_complex2      1  0.1     0     0     500    (-,-) 
  g1751/z        (u)     in_1->z R     unmapped_complex2      2  2.0     0     0     500    (-,-) 
  Result[30]     -       -       R     (port)                 -    -     -     0     500    (-,-) 
#-------------------------------------------------------------------------------------------------

(u) : Net has unmapped pin(s).



Path 34: MET (4000 ps) Late External Delay Assertion at pin Result[31]
           View: view_wcl_fast
          Group: VIR_CLK
     Startpoint: (F) ALUControl[1]
          Clock: (R) VIR_CLK
       Endpoint: (R) Result[31]
          Clock: (R) VIR_CLK

                     Capture       Launch     
        Clock Edge:+    5000            0     
        Drv Adjust:+       0            0     
       Src Latency:+       0            0     
       Net Latency:+       0 (I)        0 (I) 
           Arrival:=    5000            0     
                                              
      Output Delay:-     500                  
     Required Time:=    4500                  
      Launch Clock:-       0                  
       Input Delay:-     500                  
         Data Path:-       0                  
             Slack:=    4000                  

Exceptions/Constraints:
  input_delay              500             simple_alu_fast.sdc_line_3_160_1 
  output_delay             500             simple_alu_fast.sdc_line_4       

#-------------------------------------------------------------------------------------------------
# Timing Point   Flags    Arc    Edge       Cell         Fanout Load Trans Delay Arrival Instance 
#                                                               (fF)  (ps)  (ps)   (ps)  Location 
#-------------------------------------------------------------------------------------------------
  ALUControl[1]  (u)     -       F     (arrival)             65  6.5     0     0     500    (-,-) 
  g1933/z        (u)     in_1->z F     unmapped_complex2      1  0.1     0     0     500    (-,-) 
  g1766/z        (u)     in_1->z R     unmapped_complex2      2  2.0     0     0     500    (-,-) 
  Result[31]     -       -       R     (port)                 -    -     -     0     500    (-,-) 
#-------------------------------------------------------------------------------------------------

(u) : Net has unmapped pin(s).

