============================================================
  Generated by:           Genus(TM) Synthesis Solution 21.14-s082_1
  Generated on:           Jan 22 2026  04:39:07 pm
  Module:                 counter
  Operating conditions:   slow 
  Operating conditions:   fast 
  Operating conditions:   typical 
  Interconnect mode:      global
  Area mode:              physical library
============================================================


Path 1: MET (576 ps)
           View: view_wcl_fast
          Group: cg_enable_group_clk
     Startpoint: (R) count_reg[0]/CK
          Clock: (R) clk
       Endpoint: (R) RC_CG_HIER_INST1/enl_reg/D
          Clock: (F) clk

                     Capture       Launch     
        Clock Edge:+    1000            0     
       Src Latency:+       0            0     
       Net Latency:+       0 (I)        0 (I) 
           Arrival:=    1000            0     
                                              
     Time Borrowed:+       0                  
     Required Time:=    1000                  
      Launch Clock:-       0                  
         Data Path:-     424                  
             Slack:=     576                  

#-----------------------------------------------------------------------------------------------------
#        Timing Point          Flags   Arc   Edge   Cell     Fanout Load Trans Delay Arrival Instance 
#                                                                   (fF)  (ps)  (ps)   (ps)  Location 
#-----------------------------------------------------------------------------------------------------
  count_reg[0]/CK              -       -     R     (arrival)      3    -     0     0       0    (-,-) 
  count_reg[0]/Q               -       CK->Q R     DFFRX1         3 20.1   144   347     347    (-,-) 
  RC_CG_HIER_INST1/g18__5107/Y -       A->Y  R     OR2X2          1 10.8    57    77     424    (-,-) 
  RC_CG_HIER_INST1/enl_reg/D   -       -     R     TLATNX1        1    -     -     0     424    (-,-) 
#-----------------------------------------------------------------------------------------------------



Path 2: MET (828 ps) Clock Gating Setup Check at pin RC_CG_HIER_INST1/g16__2398/A
           View: view_wcl_fast
          Group: clk
     Startpoint: (F) RC_CG_HIER_INST1/enl_reg/GN
          Clock: (F) clk
       Endpoint: (F) RC_CG_HIER_INST1/g16__2398/A
          Clock: (R) clk

                     Capture       Launch     
        Clock Edge:+    2000         1000     
       Src Latency:+       0            0     
       Net Latency:+       0 (I)        0 (I) 
           Arrival:=    2000         1000     
                                              
  Gate Check Setup:-       0                  
     Required Time:=    2000                  
      Launch Clock:-    1000                  
         Data Path:-     172                  
             Slack:=     828                  

Exceptions/Constraints:
  output_delay              0              clk_gating_check_9 

#-----------------------------------------------------------------------------------------------------
#        Timing Point          Flags   Arc   Edge   Cell     Fanout Load Trans Delay Arrival Instance 
#                                                                   (fF)  (ps)  (ps)   (ps)  Location 
#-----------------------------------------------------------------------------------------------------
  RC_CG_HIER_INST1/enl_reg/GN  -       -     F     (arrival)      3    -     0     0    1000    (-,-) 
  RC_CG_HIER_INST1/enl_reg/Q   -       GN->Q F     TLATNX1        1  8.7    62   172    1172    (-,-) 
  RC_CG_HIER_INST1/g16__2398/A (b)     -     F     AND2X1         -    -     -     0    1172    (-,-) 
#-----------------------------------------------------------------------------------------------------

(b) : Timing paths are broken.



Path 3: MET (922 ps) Setup Check with Pin count_reg[6]/CK->D
           View: view_wcl_fast
          Group: clk
     Startpoint: (R) count_reg[0]/CK
          Clock: (R) clk
       Endpoint: (F) count_reg[6]/D
          Clock: (R) clk

                     Capture       Launch     
        Clock Edge:+    2000            0     
       Src Latency:+       0            0     
       Net Latency:+       0 (I)        0 (I) 
           Arrival:=    2000            0     
                                              
             Setup:-     103                  
     Required Time:=    1897                  
      Launch Clock:-       0                  
         Data Path:-     974                  
             Slack:=     922                  

#----------------------------------------------------------------------------------------
#  Timing Point   Flags   Arc   Edge   Cell     Fanout Load Trans Delay Arrival Instance 
#                                                      (fF)  (ps)  (ps)   (ps)  Location 
#----------------------------------------------------------------------------------------
  count_reg[0]/CK -       -     R     (arrival)      3    -     0     0       0    (-,-) 
  count_reg[0]/Q  -       CK->Q R     DFFRX1         3 20.1   144   347     347    (-,-) 
  g192__8246/Y    -       B->Y  R     AND2X2         2 15.8    74    86     432    (-,-) 
  g190__5122/Y    -       A->Y  R     AND2X2         3 23.2    96    99     531    (-,-) 
  g188__2802/Y    -       A->Y  R     AND2X2         3 23.2    96   100     631    (-,-) 
  g185__3680/Y    -       A->Y  R     AND2X2         3 23.2    96   100     731    (-,-) 
  g182__5526/Y    -       A->Y  R     AND2X2         3 23.2    96   100     831    (-,-) 
  g179__4319/Y    -       A->Y  R     AND2X2         3 22.9    95   100     930    (-,-) 
  g177__6260/Y    -       B0->Y F     AOI2BB1X1      1  8.9    67    44     974    (-,-) 
  count_reg[6]/D  -       -     F     DFFRX1         1    -     -     0     974    (-,-) 
#----------------------------------------------------------------------------------------



Path 4: MET (964 ps) Setup Check with Pin count_reg[7]/CK->K
           View: view_wcl_fast
          Group: clk
     Startpoint: (R) count_reg[0]/CK
          Clock: (R) clk
       Endpoint: (R) count_reg[7]/K
          Clock: (R) clk

                     Capture       Launch     
        Clock Edge:+    2000            0     
       Src Latency:+       0            0     
       Net Latency:+       0 (I)        0 (I) 
           Arrival:=    2000            0     
                                              
             Setup:-     105                  
     Required Time:=    1895                  
      Launch Clock:-       0                  
         Data Path:-     930                  
             Slack:=     964                  

#----------------------------------------------------------------------------------------
#  Timing Point   Flags   Arc   Edge   Cell     Fanout Load Trans Delay Arrival Instance 
#                                                      (fF)  (ps)  (ps)   (ps)  Location 
#----------------------------------------------------------------------------------------
  count_reg[0]/CK -       -     R     (arrival)      3    -     0     0       0    (-,-) 
  count_reg[0]/Q  -       CK->Q R     DFFRX1         3 20.1   144   347     347    (-,-) 
  g192__8246/Y    -       B->Y  R     AND2X2         2 15.8    74    86     432    (-,-) 
  g190__5122/Y    -       A->Y  R     AND2X2         3 23.2    96    99     531    (-,-) 
  g188__2802/Y    -       A->Y  R     AND2X2         3 23.2    96   100     631    (-,-) 
  g185__3680/Y    -       A->Y  R     AND2X2         3 23.2    96   100     731    (-,-) 
  g182__5526/Y    -       A->Y  R     AND2X2         3 23.2    96   100     831    (-,-) 
  g179__4319/Y    -       A->Y  R     AND2X2         3 22.9    95   100     930    (-,-) 
  count_reg[7]/K  -       -     R     JKFFRXL        3    -     -     0     930    (-,-) 
#----------------------------------------------------------------------------------------



Path 5: MET (987 ps) Setup Check with Pin count_reg[7]/CK->J
           View: view_wcl_fast
          Group: clk
     Startpoint: (R) count_reg[0]/CK
          Clock: (R) clk
       Endpoint: (R) count_reg[7]/J
          Clock: (R) clk

                     Capture       Launch     
        Clock Edge:+    2000            0     
       Src Latency:+       0            0     
       Net Latency:+       0 (I)        0 (I) 
           Arrival:=    2000            0     
                                              
             Setup:-      83                  
     Required Time:=    1917                  
      Launch Clock:-       0                  
         Data Path:-     930                  
             Slack:=     987                  

#----------------------------------------------------------------------------------------
#  Timing Point   Flags   Arc   Edge   Cell     Fanout Load Trans Delay Arrival Instance 
#                                                      (fF)  (ps)  (ps)   (ps)  Location 
#----------------------------------------------------------------------------------------
  count_reg[0]/CK -       -     R     (arrival)      3    -     0     0       0    (-,-) 
  count_reg[0]/Q  -       CK->Q R     DFFRX1         3 20.1   144   347     347    (-,-) 
  g192__8246/Y    -       B->Y  R     AND2X2         2 15.8    74    86     432    (-,-) 
  g190__5122/Y    -       A->Y  R     AND2X2         3 23.2    96    99     531    (-,-) 
  g188__2802/Y    -       A->Y  R     AND2X2         3 23.2    96   100     631    (-,-) 
  g185__3680/Y    -       A->Y  R     AND2X2         3 23.2    96   100     731    (-,-) 
  g182__5526/Y    -       A->Y  R     AND2X2         3 23.2    96   100     831    (-,-) 
  g179__4319/Y    -       A->Y  R     AND2X2         3 22.9    95   100     930    (-,-) 
  count_reg[7]/J  -       -     R     JKFFRXL        3    -     -     0     930    (-,-) 
#----------------------------------------------------------------------------------------



Path 6: MET (1022 ps) Setup Check with Pin count_reg[5]/CK->D
           View: view_wcl_fast
          Group: clk
     Startpoint: (R) count_reg[0]/CK
          Clock: (R) clk
       Endpoint: (F) count_reg[5]/D
          Clock: (R) clk

                     Capture       Launch     
        Clock Edge:+    2000            0     
       Src Latency:+       0            0     
       Net Latency:+       0 (I)        0 (I) 
           Arrival:=    2000            0     
                                              
             Setup:-     103                  
     Required Time:=    1897                  
      Launch Clock:-       0                  
         Data Path:-     875                  
             Slack:=    1022                  

#----------------------------------------------------------------------------------------
#  Timing Point   Flags   Arc   Edge   Cell     Fanout Load Trans Delay Arrival Instance 
#                                                      (fF)  (ps)  (ps)   (ps)  Location 
#----------------------------------------------------------------------------------------
  count_reg[0]/CK -       -     R     (arrival)      3    -     0     0       0    (-,-) 
  count_reg[0]/Q  -       CK->Q R     DFFRX1         3 20.1   144   347     347    (-,-) 
  g192__8246/Y    -       B->Y  R     AND2X2         2 15.8    74    86     432    (-,-) 
  g190__5122/Y    -       A->Y  R     AND2X2         3 23.2    96    99     531    (-,-) 
  g188__2802/Y    -       A->Y  R     AND2X2         3 23.2    96   100     631    (-,-) 
  g185__3680/Y    -       A->Y  R     AND2X2         3 23.2    96   100     731    (-,-) 
  g182__5526/Y    -       A->Y  R     AND2X2         3 23.2    96   100     831    (-,-) 
  g180__8428/Y    -       B0->Y F     AOI2BB1X1      1  8.9    67    44     875    (-,-) 
  count_reg[5]/D  -       -     F     DFFRX1         1    -     -     0     875    (-,-) 
#----------------------------------------------------------------------------------------



Path 7: MET (1122 ps) Setup Check with Pin count_reg[4]/CK->D
           View: view_wcl_fast
          Group: clk
     Startpoint: (R) count_reg[0]/CK
          Clock: (R) clk
       Endpoint: (F) count_reg[4]/D
          Clock: (R) clk

                     Capture       Launch     
        Clock Edge:+    2000            0     
       Src Latency:+       0            0     
       Net Latency:+       0 (I)        0 (I) 
           Arrival:=    2000            0     
                                              
             Setup:-     103                  
     Required Time:=    1897                  
      Launch Clock:-       0                  
         Data Path:-     775                  
             Slack:=    1122                  

#----------------------------------------------------------------------------------------
#  Timing Point   Flags   Arc   Edge   Cell     Fanout Load Trans Delay Arrival Instance 
#                                                      (fF)  (ps)  (ps)   (ps)  Location 
#----------------------------------------------------------------------------------------
  count_reg[0]/CK -       -     R     (arrival)      3    -     0     0       0    (-,-) 
  count_reg[0]/Q  -       CK->Q R     DFFRX1         3 20.1   144   347     347    (-,-) 
  g192__8246/Y    -       B->Y  R     AND2X2         2 15.8    74    86     432    (-,-) 
  g190__5122/Y    -       A->Y  R     AND2X2         3 23.2    96    99     531    (-,-) 
  g188__2802/Y    -       A->Y  R     AND2X2         3 23.2    96   100     631    (-,-) 
  g185__3680/Y    -       A->Y  R     AND2X2         3 23.2    96   100     731    (-,-) 
  g183__6783/Y    -       B0->Y F     AOI2BB1X1      1  8.9    67    44     775    (-,-) 
  count_reg[4]/D  -       -     F     DFFRX1         1    -     -     0     775    (-,-) 
#----------------------------------------------------------------------------------------



Path 8: MET (1222 ps) Setup Check with Pin count_reg[3]/CK->D
           View: view_wcl_fast
          Group: clk
     Startpoint: (R) count_reg[0]/CK
          Clock: (R) clk
       Endpoint: (F) count_reg[3]/D
          Clock: (R) clk

                     Capture       Launch     
        Clock Edge:+    2000            0     
       Src Latency:+       0            0     
       Net Latency:+       0 (I)        0 (I) 
           Arrival:=    2000            0     
                                              
             Setup:-     103                  
     Required Time:=    1897                  
      Launch Clock:-       0                  
         Data Path:-     675                  
             Slack:=    1222                  

#----------------------------------------------------------------------------------------
#  Timing Point   Flags   Arc   Edge   Cell     Fanout Load Trans Delay Arrival Instance 
#                                                      (fF)  (ps)  (ps)   (ps)  Location 
#----------------------------------------------------------------------------------------
  count_reg[0]/CK -       -     R     (arrival)      3    -     0     0       0    (-,-) 
  count_reg[0]/Q  -       CK->Q R     DFFRX1         3 20.1   144   347     347    (-,-) 
  g192__8246/Y    -       B->Y  R     AND2X2         2 15.8    74    86     432    (-,-) 
  g190__5122/Y    -       A->Y  R     AND2X2         3 23.2    96    99     531    (-,-) 
  g188__2802/Y    -       A->Y  R     AND2X2         3 23.2    96   100     631    (-,-) 
  g186__1617/Y    -       B0->Y F     AOI2BB1X1      1  8.9    67    44     675    (-,-) 
  count_reg[3]/D  -       -     F     DFFRX1         1    -     -     0     675    (-,-) 
#----------------------------------------------------------------------------------------



Path 9: MET (1322 ps) Setup Check with Pin count_reg[2]/CK->D
           View: view_wcl_fast
          Group: clk
     Startpoint: (R) count_reg[0]/CK
          Clock: (R) clk
       Endpoint: (F) count_reg[2]/D
          Clock: (R) clk

                     Capture       Launch     
        Clock Edge:+    2000            0     
       Src Latency:+       0            0     
       Net Latency:+       0 (I)        0 (I) 
           Arrival:=    2000            0     
                                              
             Setup:-     103                  
     Required Time:=    1897                  
      Launch Clock:-       0                  
         Data Path:-     575                  
             Slack:=    1322                  

#----------------------------------------------------------------------------------------
#  Timing Point   Flags   Arc   Edge   Cell     Fanout Load Trans Delay Arrival Instance 
#                                                      (fF)  (ps)  (ps)   (ps)  Location 
#----------------------------------------------------------------------------------------
  count_reg[0]/CK -       -     R     (arrival)      3    -     0     0       0    (-,-) 
  count_reg[0]/Q  -       CK->Q R     DFFRX1         3 20.1   144   347     347    (-,-) 
  g192__8246/Y    -       B->Y  R     AND2X2         2 15.8    74    86     432    (-,-) 
  g190__5122/Y    -       A->Y  R     AND2X2         3 23.2    96    99     531    (-,-) 
  g189__1705/Y    -       B0->Y F     AOI2BB1X1      1  8.9    67    44     575    (-,-) 
  count_reg[2]/D  -       -     F     DFFRX1         1    -     -     0     575    (-,-) 
#----------------------------------------------------------------------------------------



Path 10: MET (1423 ps) Late External Delay Assertion at pin count[7]
           View: view_wcl_fast
          Group: clk
     Startpoint: (R) count_reg[7]/CK
          Clock: (R) clk
       Endpoint: (R) count[7]
          Clock: (R) clk

                     Capture       Launch     
        Clock Edge:+    2000            0     
       Src Latency:+       0            0     
       Net Latency:+       0 (I)        0 (I) 
           Arrival:=    2000            0     
                                              
      Output Delay:-     200                  
     Required Time:=    1800                  
      Launch Clock:-       0                  
         Data Path:-     377                  
             Slack:=    1423                  

Exceptions/Constraints:
  output_delay             200             counter_fast.sdc_line_4 

#----------------------------------------------------------------------------------------
#  Timing Point   Flags   Arc   Edge   Cell     Fanout Load Trans Delay Arrival Instance 
#                                                      (fF)  (ps)  (ps)   (ps)  Location 
#----------------------------------------------------------------------------------------
  count_reg[7]/CK -       -     R     (arrival)      7    -     0     0       0    (-,-) 
  count_reg[7]/Q  -       CK->Q R     JKFFRXL        1  6.7    85   377     377    (-,-) 
  count[7]        -       -     R     (port)         -    -     -     0     377    (-,-) 
#----------------------------------------------------------------------------------------



Path 11: MET (1453 ps) Late External Delay Assertion at pin count[0]
           View: view_wcl_fast
          Group: clk
     Startpoint: (R) count_reg[0]/CK
          Clock: (R) clk
       Endpoint: (R) count[0]
          Clock: (R) clk

                     Capture       Launch     
        Clock Edge:+    2000            0     
       Src Latency:+       0            0     
       Net Latency:+       0 (I)        0 (I) 
           Arrival:=    2000            0     
                                              
      Output Delay:-     200                  
     Required Time:=    1800                  
      Launch Clock:-       0                  
         Data Path:-     347                  
             Slack:=    1453                  

Exceptions/Constraints:
  output_delay             200             counter_fast.sdc_line_4_13_1 

#----------------------------------------------------------------------------------------
#  Timing Point   Flags   Arc   Edge   Cell     Fanout Load Trans Delay Arrival Instance 
#                                                      (fF)  (ps)  (ps)   (ps)  Location 
#----------------------------------------------------------------------------------------
  count_reg[0]/CK -       -     R     (arrival)      3    -     0     0       0    (-,-) 
  count_reg[0]/Q  -       CK->Q R     DFFRX1         3 20.1   144   347     347    (-,-) 
  count[0]        -       -     R     (port)         -    -     -     0     347    (-,-) 
#----------------------------------------------------------------------------------------



Path 12: MET (1457 ps) Late External Delay Assertion at pin count[2]
           View: view_wcl_fast
          Group: clk
     Startpoint: (R) count_reg[2]/CK
          Clock: (R) clk
       Endpoint: (R) count[2]
          Clock: (R) clk

                     Capture       Launch     
        Clock Edge:+    2000            0     
       Src Latency:+       0            0     
       Net Latency:+       0 (I)        0 (I) 
           Arrival:=    2000            0     
                                              
      Output Delay:-     200                  
     Required Time:=    1800                  
      Launch Clock:-       0                  
         Data Path:-     343                  
             Slack:=    1457                  

Exceptions/Constraints:
  output_delay             200             counter_fast.sdc_line_4_11_1 

#----------------------------------------------------------------------------------------
#  Timing Point   Flags   Arc   Edge   Cell     Fanout Load Trans Delay Arrival Instance 
#                                                      (fF)  (ps)  (ps)   (ps)  Location 
#----------------------------------------------------------------------------------------
  count_reg[2]/CK -       -     R     (arrival)      7    -     0     0       0    (-,-) 
  count_reg[2]/Q  -       CK->Q R     DFFRX1         3 19.1   138   343     343    (-,-) 
  count[2]        -       -     R     (port)         -    -     -     0     343    (-,-) 
#----------------------------------------------------------------------------------------



Path 13: MET (1457 ps) Late External Delay Assertion at pin count[3]
           View: view_wcl_fast
          Group: clk
     Startpoint: (R) count_reg[3]/CK
          Clock: (R) clk
       Endpoint: (R) count[3]
          Clock: (R) clk

                     Capture       Launch     
        Clock Edge:+    2000            0     
       Src Latency:+       0            0     
       Net Latency:+       0 (I)        0 (I) 
           Arrival:=    2000            0     
                                              
      Output Delay:-     200                  
     Required Time:=    1800                  
      Launch Clock:-       0                  
         Data Path:-     343                  
             Slack:=    1457                  

Exceptions/Constraints:
  output_delay             200             counter_fast.sdc_line_4_10_1 

#----------------------------------------------------------------------------------------
#  Timing Point   Flags   Arc   Edge   Cell     Fanout Load Trans Delay Arrival Instance 
#                                                      (fF)  (ps)  (ps)   (ps)  Location 
#----------------------------------------------------------------------------------------
  count_reg[3]/CK -       -     R     (arrival)      7    -     0     0       0    (-,-) 
  count_reg[3]/Q  -       CK->Q R     DFFRX1         3 19.1   138   343     343    (-,-) 
  count[3]        -       -     R     (port)         -    -     -     0     343    (-,-) 
#----------------------------------------------------------------------------------------



Path 14: MET (1457 ps) Late External Delay Assertion at pin count[4]
           View: view_wcl_fast
          Group: clk
     Startpoint: (R) count_reg[4]/CK
          Clock: (R) clk
       Endpoint: (R) count[4]
          Clock: (R) clk

                     Capture       Launch     
        Clock Edge:+    2000            0     
       Src Latency:+       0            0     
       Net Latency:+       0 (I)        0 (I) 
           Arrival:=    2000            0     
                                              
      Output Delay:-     200                  
     Required Time:=    1800                  
      Launch Clock:-       0                  
         Data Path:-     343                  
             Slack:=    1457                  

Exceptions/Constraints:
  output_delay             200             counter_fast.sdc_line_4_9_1 

#----------------------------------------------------------------------------------------
#  Timing Point   Flags   Arc   Edge   Cell     Fanout Load Trans Delay Arrival Instance 
#                                                      (fF)  (ps)  (ps)   (ps)  Location 
#----------------------------------------------------------------------------------------
  count_reg[4]/CK -       -     R     (arrival)      7    -     0     0       0    (-,-) 
  count_reg[4]/Q  -       CK->Q R     DFFRX1         3 19.1   138   343     343    (-,-) 
  count[4]        -       -     R     (port)         -    -     -     0     343    (-,-) 
#----------------------------------------------------------------------------------------



Path 15: MET (1457 ps) Late External Delay Assertion at pin count[5]
           View: view_wcl_fast
          Group: clk
     Startpoint: (R) count_reg[5]/CK
          Clock: (R) clk
       Endpoint: (R) count[5]
          Clock: (R) clk

                     Capture       Launch     
        Clock Edge:+    2000            0     
       Src Latency:+       0            0     
       Net Latency:+       0 (I)        0 (I) 
           Arrival:=    2000            0     
                                              
      Output Delay:-     200                  
     Required Time:=    1800                  
      Launch Clock:-       0                  
         Data Path:-     343                  
             Slack:=    1457                  

Exceptions/Constraints:
  output_delay             200             counter_fast.sdc_line_4_8_1 

#----------------------------------------------------------------------------------------
#  Timing Point   Flags   Arc   Edge   Cell     Fanout Load Trans Delay Arrival Instance 
#                                                      (fF)  (ps)  (ps)   (ps)  Location 
#----------------------------------------------------------------------------------------
  count_reg[5]/CK -       -     R     (arrival)      7    -     0     0       0    (-,-) 
  count_reg[5]/Q  -       CK->Q R     DFFRX1         3 19.1   138   343     343    (-,-) 
  count[5]        -       -     R     (port)         -    -     -     0     343    (-,-) 
#----------------------------------------------------------------------------------------



Path 16: MET (1457 ps) Late External Delay Assertion at pin count[6]
           View: view_wcl_fast
          Group: clk
     Startpoint: (R) count_reg[6]/CK
          Clock: (R) clk
       Endpoint: (R) count[6]
          Clock: (R) clk

                     Capture       Launch     
        Clock Edge:+    2000            0     
       Src Latency:+       0            0     
       Net Latency:+       0 (I)        0 (I) 
           Arrival:=    2000            0     
                                              
      Output Delay:-     200                  
     Required Time:=    1800                  
      Launch Clock:-       0                  
         Data Path:-     343                  
             Slack:=    1457                  

Exceptions/Constraints:
  output_delay             200             counter_fast.sdc_line_4_7_1 

#----------------------------------------------------------------------------------------
#  Timing Point   Flags   Arc   Edge   Cell     Fanout Load Trans Delay Arrival Instance 
#                                                      (fF)  (ps)  (ps)   (ps)  Location 
#----------------------------------------------------------------------------------------
  count_reg[6]/CK -       -     R     (arrival)      7    -     0     0       0    (-,-) 
  count_reg[6]/Q  -       CK->Q R     DFFRX1         3 19.1   138   343     343    (-,-) 
  count[6]        -       -     R     (port)         -    -     -     0     343    (-,-) 
#----------------------------------------------------------------------------------------



Path 17: MET (1476 ps) Late External Delay Assertion at pin count[1]
           View: view_wcl_fast
          Group: clk
     Startpoint: (R) count_reg[1]/CK
          Clock: (R) clk
       Endpoint: (R) count[1]
          Clock: (R) clk

                     Capture       Launch     
        Clock Edge:+    2000            0     
       Src Latency:+       0            0     
       Net Latency:+       0 (I)        0 (I) 
           Arrival:=    2000            0     
                                              
      Output Delay:-     200                  
     Required Time:=    1800                  
      Launch Clock:-       0                  
         Data Path:-     324                  
             Slack:=    1476                  

Exceptions/Constraints:
  output_delay             200             counter_fast.sdc_line_4_12_1 

#----------------------------------------------------------------------------------------
#  Timing Point   Flags   Arc   Edge   Cell     Fanout Load Trans Delay Arrival Instance 
#                                                      (fF)  (ps)  (ps)   (ps)  Location 
#----------------------------------------------------------------------------------------
  count_reg[1]/CK -       -     R     (arrival)      7    -     0     0       0    (-,-) 
  count_reg[1]/Q  -       CK->Q R     DFFRX1         2 13.3   104   324     324    (-,-) 
  count[1]        -       -     R     (port)         -    -     -     0     324    (-,-) 
#----------------------------------------------------------------------------------------



Path 18: MET (1636 ps) Setup Check with Pin count_reg[1]/CK->D
           View: view_wcl_fast
          Group: clk
     Startpoint: (R) count_reg[1]/CK
          Clock: (R) clk
       Endpoint: (F) count_reg[1]/D
          Clock: (R) clk

                     Capture       Launch     
        Clock Edge:+    2000            0     
       Src Latency:+       0            0     
       Net Latency:+       0 (I)        0 (I) 
           Arrival:=    2000            0     
                                              
             Setup:-     103                  
     Required Time:=    1897                  
      Launch Clock:-       0                  
         Data Path:-     261                  
             Slack:=    1636                  

#-----------------------------------------------------------------------------------------
#  Timing Point   Flags    Arc   Edge   Cell     Fanout Load Trans Delay Arrival Instance 
#                                                       (fF)  (ps)  (ps)   (ps)  Location 
#-----------------------------------------------------------------------------------------
  count_reg[1]/CK -       -      R     (arrival)      7    -     0     0       0    (-,-) 
  count_reg[1]/QN -       CK->QN F     DFFRX1         1  8.9    64   261     261    (-,-) 
  count_reg[1]/D  -       -      F     DFFRX1         1    -     -     0     261    (-,-) 
#-----------------------------------------------------------------------------------------



Path 19: MET (1636 ps) Setup Check with Pin count_reg[0]/CK->D
           View: view_wcl_fast
          Group: clk
     Startpoint: (R) count_reg[0]/CK
          Clock: (R) clk
       Endpoint: (F) count_reg[0]/D
          Clock: (R) clk

                     Capture       Launch     
        Clock Edge:+    2000            0     
       Src Latency:+       0            0     
       Net Latency:+       0 (I)        0 (I) 
           Arrival:=    2000            0     
                                              
             Setup:-     103                  
     Required Time:=    1897                  
      Launch Clock:-       0                  
         Data Path:-     261                  
             Slack:=    1636                  

#-----------------------------------------------------------------------------------------
#  Timing Point   Flags    Arc   Edge   Cell     Fanout Load Trans Delay Arrival Instance 
#                                                       (fF)  (ps)  (ps)   (ps)  Location 
#-----------------------------------------------------------------------------------------
  count_reg[0]/CK -       -      R     (arrival)      3    -     0     0       0    (-,-) 
  count_reg[0]/QN -       CK->QN F     DFFRX1         1  8.9    64   261     261    (-,-) 
  count_reg[0]/D  -       -      F     DFFRX1         1    -     -     0     261    (-,-) 
#-----------------------------------------------------------------------------------------

Some unconstrained paths have not been displayed.
Use -unconstrained or set the root attribute 'timing_report_unconstrained' to 'true' to see only these unconstrained paths.

