============================================================
  Generated by:           Genus(TM) Synthesis Solution 21.14-s082_1
  Generated on:           Jan 22 2026  04:39:07 pm
  Module:                 counter
  Library domain:         timing_cond_wcl_slow
    Domain index:         0
    Technology library:   tsmc18 1.0
  Library domain:         timing_cond_wcl_fast
    Domain index:         1
    Technology library:   tsmc18 1.0
  Library domain:         timing_cond_wcl_typical
    Domain index:         2
    Technology library:   typical 1.0
  Operating conditions:   slow 
  Operating conditions:   fast 
  Operating conditions:   typical 
  Interconnect mode:      global
  Area mode:              physical library
============================================================

Timing
--------

  Analysis view  Clock Period 
------------------------------
view_wcl_slow    clk   6000.0 
view_wcl_fast    clk   2000.0 
view_wcl_typical clk   4000.0 


    Analysis             Cost         Critical        Violating 
      View              Group        Path Slack  TNS    Paths   
----------------------------------------------------------------
view_wcl_slow    cg_enable_group_clk     2037.0  0.0          0 
                                 clk     2606.3  0.0          0 
                             default   No paths  0.0          0 
----------------------------------------------------------------
Total                                           -0.0          0 
                                                                
view_wcl_fast    cg_enable_group_clk      576.2  0.0          0 
                                 clk      827.5  0.0          0 
                             default   No paths  0.0          0 
----------------------------------------------------------------
Total                                           -0.0          0 
                                                                
view_wcl_typical cg_enable_group_clk     1406.9  0.0          0 
                                 clk     1756.5  0.0          0 
                             default   No paths  0.0          0 
----------------------------------------------------------------
Total                                           -0.0          0 
                                                                

Instance Count
--------------
Leaf Instance Count             23 
Physical Instance count          0 
Sequential Instance Count        9 
Combinational Instance Count    14 
Hierarchical Instance Count      1 

Area
----
Cell Area                          854.885
Physical Cell Area                 0.000
Total Cell Area (Cell+Physical)    854.885
Net Area                           268.593
Total Area (Cell+Physical+Net)     1123.478

Runtime                            0.0 seconds
Elapsed Runtime                    16661 seconds
Genus peak memory usage            1559.65 
Innovus peak memory usage          no_value 
Hostname                           localhost
