============================================================
  Generated by:           Genus(TM) Synthesis Solution 21.14-s082_1
  Generated on:           Jan 22 2026  04:38:49 pm
  Module:                 counter
  Operating conditions:   slow 
  Operating conditions:   fast 
  Operating conditions:   typical 
  Interconnect mode:      global
  Area mode:              physical library
============================================================


Path 1: MET (730 ps)
           View: view_wcl_fast
          Group: cg_enable_group_clk
     Startpoint: (R) count_reg[0]/clk
          Clock: (R) clk
       Endpoint: (R) RC_CG_HIER_INST1/enl_reg/d
          Clock: (F) clk

                     Capture       Launch     
        Clock Edge:+    1000            0     
       Src Latency:+       0            0     
       Net Latency:+       0 (I)        0 (I) 
           Arrival:=    1000            0     
                                              
     Time Borrowed:+       0                  
     Required Time:=    1000                  
      Launch Clock:-       0                  
         Data Path:-     270                  
             Slack:=     730                  

#-----------------------------------------------------------------------------------------------------------
#       Timing Point         Flags    Arc    Edge      Cell        Fanout Load Trans Delay Arrival Instance 
#                                                                         (fF)  (ps)  (ps)   (ps)  Location 
#-----------------------------------------------------------------------------------------------------------
  count_reg[0]/clk           -       -       R     (arrival)            3    -     0     0       0    (-,-) 
  count_reg[0]/q             (u)     clk->q  R     unmapped_d_flop      4 37.0     0   224     224    (-,-) 
  RC_CG_HIER_INST1/g2/z      (u)     in_0->z R     unmapped_or2         1 10.1     0    45     270    (-,-) 
  RC_CG_HIER_INST1/enl_reg/d -       -       R     unmapped_latch       1    -     -     0     270    (-,-) 
#-----------------------------------------------------------------------------------------------------------

(u) : Net has unmapped pin(s).



Path 2: MET (802 ps) Clock Gating Setup Check at pin RC_CG_HIER_INST1/g9/in_1
           View: view_wcl_fast
          Group: clk
     Startpoint: (R) RC_CG_HIER_INST1/enl_reg/ena
          Clock: (F) clk
       Endpoint: (R) RC_CG_HIER_INST1/g9/in_1
          Clock: (R) clk

                     Capture       Launch     
        Clock Edge:+    2000         1000     
       Src Latency:+       0            0     
       Net Latency:+       0 (I)        0 (I) 
           Arrival:=    2000         1000     
                                              
  Gate Check Setup:-       0                  
     Required Time:=    2000                  
      Launch Clock:-    1000                  
         Data Path:-     198                  
             Slack:=     802                  

Exceptions/Constraints:
  output_delay              0              clk_gating_check_2 

#-----------------------------------------------------------------------------------------------------------
#        Timing Point          Flags    Arc   Edge      Cell       Fanout Load Trans Delay Arrival Instance 
#                                                                         (fF)  (ps)  (ps)   (ps)  Location 
#-----------------------------------------------------------------------------------------------------------
  RC_CG_HIER_INST1/enl_reg/ena -       -      R     (arrival)           1    -     0     0    1000    (-,-) 
  RC_CG_HIER_INST1/enl_reg/q   (u)     ena->q R     unmapped_latch      1 10.1     0   198    1198    (-,-) 
  RC_CG_HIER_INST1/g9/in_1     (b)     -      R     unmapped_and2       -    -     -     0    1198    (-,-) 
#-----------------------------------------------------------------------------------------------------------

(u) : Net has unmapped pin(s).
(b) : Timing paths are broken.



Path 3: MET (1184 ps) Setup Check with Pin count_reg[7]/clk->d
           View: view_wcl_fast
          Group: clk
     Startpoint: (R) count_reg[0]/clk
          Clock: (R) clk
       Endpoint: (R) count_reg[7]/d
          Clock: (R) clk

                     Capture       Launch     
        Clock Edge:+    2000            0     
       Src Latency:+       0            0     
       Net Latency:+       0 (I)        0 (I) 
           Arrival:=    2000            0     
                                              
             Setup:-     100                  
     Required Time:=    1900                  
      Launch Clock:-       0                  
         Data Path:-     715                  
             Slack:=    1184                  

#---------------------------------------------------------------------------------------------------
#  Timing Point    Flags    Arc    Edge       Cell         Fanout Load Trans Delay Arrival Instance 
#                                                                 (fF)  (ps)  (ps)   (ps)  Location 
#---------------------------------------------------------------------------------------------------
  count_reg[0]/clk -       -       R     (arrival)              3    -     0     0       0    (-,-) 
  count_reg[0]/q   (u)     clk->q  R     unmapped_d_flop        4 37.0     0   224     224    (-,-) 
  g91/z            (u)     in_1->z F     unmapped_nand2         3 30.3     0    68     293    (-,-) 
  g87/z            (u)     in_1->z F     unmapped_complex2      3 30.3     0    68     361    (-,-) 
  g56/z            (u)     in_1->z F     unmapped_complex2      3 30.3     0    68     430    (-,-) 
  g83/z            (u)     in_1->z F     unmapped_complex2      3 30.3     0    68     498    (-,-) 
  g79/z            (u)     in_1->z F     unmapped_complex2      3 30.3     0    68     567    (-,-) 
  g75/z            (u)     in_1->z F     unmapped_complex2      2 20.2     0    58     624    (-,-) 
  g70/z            (u)     in_0->z F     unmapped_or2           1 10.1     0    45     670    (-,-) 
  g71/z            (u)     in_1->z R     unmapped_nand2         1 10.1     0    45     715    (-,-) 
  count_reg[7]/d   -       -       R     unmapped_d_flop        1    -     -     0     715    (-,-) 
#---------------------------------------------------------------------------------------------------

(u) : Net has unmapped pin(s).



Path 4: MET (1242 ps) Setup Check with Pin count_reg[6]/clk->d
           View: view_wcl_fast
          Group: clk
     Startpoint: (R) count_reg[0]/clk
          Clock: (R) clk
       Endpoint: (R) count_reg[6]/d
          Clock: (R) clk

                     Capture       Launch     
        Clock Edge:+    2000            0     
       Src Latency:+       0            0     
       Net Latency:+       0 (I)        0 (I) 
           Arrival:=    2000            0     
                                              
             Setup:-     100                  
     Required Time:=    1900                  
      Launch Clock:-       0                  
         Data Path:-     657                  
             Slack:=    1242                  

#---------------------------------------------------------------------------------------------------
#  Timing Point    Flags    Arc    Edge       Cell         Fanout Load Trans Delay Arrival Instance 
#                                                                 (fF)  (ps)  (ps)   (ps)  Location 
#---------------------------------------------------------------------------------------------------
  count_reg[0]/clk -       -       R     (arrival)              3    -     0     0       0    (-,-) 
  count_reg[0]/q   (u)     clk->q  R     unmapped_d_flop        4 37.0     0   224     224    (-,-) 
  g91/z            (u)     in_1->z F     unmapped_nand2         3 30.3     0    68     293    (-,-) 
  g87/z            (u)     in_1->z F     unmapped_complex2      3 30.3     0    68     361    (-,-) 
  g56/z            (u)     in_1->z F     unmapped_complex2      3 30.3     0    68     430    (-,-) 
  g83/z            (u)     in_1->z F     unmapped_complex2      3 30.3     0    68     498    (-,-) 
  g79/z            (u)     in_1->z F     unmapped_complex2      3 30.3     0    68     567    (-,-) 
  g73/z            (u)     in_1->z F     unmapped_or2           1 10.1     0    45     612    (-,-) 
  g74/z            (u)     in_1->z R     unmapped_nand2         1 10.1     0    45     657    (-,-) 
  count_reg[6]/d   -       -       R     unmapped_d_flop        1    -     -     0     657    (-,-) 
#---------------------------------------------------------------------------------------------------

(u) : Net has unmapped pin(s).



Path 5: MET (1311 ps) Setup Check with Pin count_reg[5]/clk->d
           View: view_wcl_fast
          Group: clk
     Startpoint: (R) count_reg[0]/clk
          Clock: (R) clk
       Endpoint: (R) count_reg[5]/d
          Clock: (R) clk

                     Capture       Launch     
        Clock Edge:+    2000            0     
       Src Latency:+       0            0     
       Net Latency:+       0 (I)        0 (I) 
           Arrival:=    2000            0     
                                              
             Setup:-     100                  
     Required Time:=    1900                  
      Launch Clock:-       0                  
         Data Path:-     589                  
             Slack:=    1311                  

#---------------------------------------------------------------------------------------------------
#  Timing Point    Flags    Arc    Edge       Cell         Fanout Load Trans Delay Arrival Instance 
#                                                                 (fF)  (ps)  (ps)   (ps)  Location 
#---------------------------------------------------------------------------------------------------
  count_reg[0]/clk -       -       R     (arrival)              3    -     0     0       0    (-,-) 
  count_reg[0]/q   (u)     clk->q  R     unmapped_d_flop        4 37.0     0   224     224    (-,-) 
  g91/z            (u)     in_1->z F     unmapped_nand2         3 30.3     0    68     293    (-,-) 
  g87/z            (u)     in_1->z F     unmapped_complex2      3 30.3     0    68     361    (-,-) 
  g56/z            (u)     in_1->z F     unmapped_complex2      3 30.3     0    68     430    (-,-) 
  g83/z            (u)     in_1->z F     unmapped_complex2      3 30.3     0    68     498    (-,-) 
  g77/z            (u)     in_1->z F     unmapped_or2           1 10.1     0    45     544    (-,-) 
  g78/z            (u)     in_1->z R     unmapped_nand2         1 10.1     0    45     589    (-,-) 
  count_reg[5]/d   -       -       R     unmapped_d_flop        1    -     -     0     589    (-,-) 
#---------------------------------------------------------------------------------------------------

(u) : Net has unmapped pin(s).



Path 6: MET (1379 ps) Setup Check with Pin count_reg[4]/clk->d
           View: view_wcl_fast
          Group: clk
     Startpoint: (R) count_reg[0]/clk
          Clock: (R) clk
       Endpoint: (R) count_reg[4]/d
          Clock: (R) clk

                     Capture       Launch     
        Clock Edge:+    2000            0     
       Src Latency:+       0            0     
       Net Latency:+       0 (I)        0 (I) 
           Arrival:=    2000            0     
                                              
             Setup:-     100                  
     Required Time:=    1900                  
      Launch Clock:-       0                  
         Data Path:-     520                  
             Slack:=    1379                  

#---------------------------------------------------------------------------------------------------
#  Timing Point    Flags    Arc    Edge       Cell         Fanout Load Trans Delay Arrival Instance 
#                                                                 (fF)  (ps)  (ps)   (ps)  Location 
#---------------------------------------------------------------------------------------------------
  count_reg[0]/clk -       -       R     (arrival)              3    -     0     0       0    (-,-) 
  count_reg[0]/q   (u)     clk->q  R     unmapped_d_flop        4 37.0     0   224     224    (-,-) 
  g91/z            (u)     in_1->z F     unmapped_nand2         3 30.3     0    68     293    (-,-) 
  g87/z            (u)     in_1->z F     unmapped_complex2      3 30.3     0    68     361    (-,-) 
  g56/z            (u)     in_1->z F     unmapped_complex2      3 30.3     0    68     430    (-,-) 
  g81/z            (u)     in_0->z F     unmapped_or2           1 10.1     0    45     475    (-,-) 
  g82/z            (u)     in_1->z R     unmapped_nand2         1 10.1     0    45     520    (-,-) 
  count_reg[4]/d   -       -       R     unmapped_d_flop        1    -     -     0     520    (-,-) 
#---------------------------------------------------------------------------------------------------

(u) : Net has unmapped pin(s).



Path 7: MET (1448 ps) Setup Check with Pin count_reg[3]/clk->d
           View: view_wcl_fast
          Group: clk
     Startpoint: (R) count_reg[0]/clk
          Clock: (R) clk
       Endpoint: (R) count_reg[3]/d
          Clock: (R) clk

                     Capture       Launch     
        Clock Edge:+    2000            0     
       Src Latency:+       0            0     
       Net Latency:+       0 (I)        0 (I) 
           Arrival:=    2000            0     
                                              
             Setup:-     100                  
     Required Time:=    1900                  
      Launch Clock:-       0                  
         Data Path:-     452                  
             Slack:=    1448                  

#---------------------------------------------------------------------------------------------------
#  Timing Point    Flags    Arc    Edge       Cell         Fanout Load Trans Delay Arrival Instance 
#                                                                 (fF)  (ps)  (ps)   (ps)  Location 
#---------------------------------------------------------------------------------------------------
  count_reg[0]/clk -       -       R     (arrival)              3    -     0     0       0    (-,-) 
  count_reg[0]/q   (u)     clk->q  R     unmapped_d_flop        4 37.0     0   224     224    (-,-) 
  g91/z            (u)     in_1->z F     unmapped_nand2         3 30.3     0    68     293    (-,-) 
  g87/z            (u)     in_1->z F     unmapped_complex2      3 30.3     0    68     361    (-,-) 
  g85/z            (u)     in_0->z F     unmapped_or2           1 10.1     0    45     406    (-,-) 
  g86/z            (u)     in_1->z R     unmapped_nand2         1 10.1     0    45     452    (-,-) 
  count_reg[3]/d   -       -       R     unmapped_d_flop        1    -     -     0     452    (-,-) 
#---------------------------------------------------------------------------------------------------

(u) : Net has unmapped pin(s).



Path 8: MET (1516 ps) Setup Check with Pin count_reg[2]/clk->d
           View: view_wcl_fast
          Group: clk
     Startpoint: (R) count_reg[0]/clk
          Clock: (R) clk
       Endpoint: (R) count_reg[2]/d
          Clock: (R) clk

                     Capture       Launch     
        Clock Edge:+    2000            0     
       Src Latency:+       0            0     
       Net Latency:+       0 (I)        0 (I) 
           Arrival:=    2000            0     
                                              
             Setup:-     100                  
     Required Time:=    1900                  
      Launch Clock:-       0                  
         Data Path:-     383                  
             Slack:=    1516                  

#-------------------------------------------------------------------------------------------------
#  Timing Point    Flags    Arc    Edge      Cell        Fanout Load Trans Delay Arrival Instance 
#                                                               (fF)  (ps)  (ps)   (ps)  Location 
#-------------------------------------------------------------------------------------------------
  count_reg[0]/clk -       -       R     (arrival)            3    -     0     0       0    (-,-) 
  count_reg[0]/q   (u)     clk->q  R     unmapped_d_flop      4 37.0     0   224     224    (-,-) 
  g91/z            (u)     in_1->z F     unmapped_nand2       3 30.3     0    68     293    (-,-) 
  g89/z            (u)     in_1->z F     unmapped_or2         1 10.1     0    45     338    (-,-) 
  g90/z            (u)     in_1->z R     unmapped_nand2       1 10.1     0    45     383    (-,-) 
  count_reg[2]/d   -       -       R     unmapped_d_flop      1    -     -     0     383    (-,-) 
#-------------------------------------------------------------------------------------------------

(u) : Net has unmapped pin(s).



Path 9: MET (1576 ps) Late External Delay Assertion at pin count[0]
           View: view_wcl_fast
          Group: clk
     Startpoint: (R) count_reg[0]/clk
          Clock: (R) clk
       Endpoint: (R) count[0]
          Clock: (R) clk

                     Capture       Launch     
        Clock Edge:+    2000            0     
       Src Latency:+       0            0     
       Net Latency:+       0 (I)        0 (I) 
           Arrival:=    2000            0     
                                              
      Output Delay:-     200                  
     Required Time:=    1800                  
      Launch Clock:-       0                  
         Data Path:-     224                  
             Slack:=    1576                  

Exceptions/Constraints:
  output_delay             200             counter_fast.sdc_line_4_13_1 

#------------------------------------------------------------------------------------------------
#  Timing Point    Flags    Arc   Edge      Cell        Fanout Load Trans Delay Arrival Instance 
#                                                              (fF)  (ps)  (ps)   (ps)  Location 
#------------------------------------------------------------------------------------------------
  count_reg[0]/clk -       -      R     (arrival)            3    -     0     0       0    (-,-) 
  count_reg[0]/q   (u)     clk->q R     unmapped_d_flop      4 37.0     0   224     224    (-,-) 
  count[0]         -       -      R     (port)               -    -     -     0     224    (-,-) 
#------------------------------------------------------------------------------------------------

(u) : Net has unmapped pin(s).



Path 10: MET (1576 ps) Late External Delay Assertion at pin count[2]
           View: view_wcl_fast
          Group: clk
     Startpoint: (R) count_reg[2]/clk
          Clock: (R) clk
       Endpoint: (R) count[2]
          Clock: (R) clk

                     Capture       Launch     
        Clock Edge:+    2000            0     
       Src Latency:+       0            0     
       Net Latency:+       0 (I)        0 (I) 
           Arrival:=    2000            0     
                                              
      Output Delay:-     200                  
     Required Time:=    1800                  
      Launch Clock:-       0                  
         Data Path:-     224                  
             Slack:=    1576                  

Exceptions/Constraints:
  output_delay             200             counter_fast.sdc_line_4_11_1 

#------------------------------------------------------------------------------------------------
#  Timing Point    Flags    Arc   Edge      Cell        Fanout Load Trans Delay Arrival Instance 
#                                                              (fF)  (ps)  (ps)   (ps)  Location 
#------------------------------------------------------------------------------------------------
  count_reg[2]/clk -       -      R     (arrival)            7    -     0     0       0    (-,-) 
  count_reg[2]/q   (u)     clk->q R     unmapped_d_flop      4 37.0     0   224     224    (-,-) 
  count[2]         -       -      R     (port)               -    -     -     0     224    (-,-) 
#------------------------------------------------------------------------------------------------

(u) : Net has unmapped pin(s).



Path 11: MET (1576 ps) Late External Delay Assertion at pin count[3]
           View: view_wcl_fast
          Group: clk
     Startpoint: (R) count_reg[3]/clk
          Clock: (R) clk
       Endpoint: (R) count[3]
          Clock: (R) clk

                     Capture       Launch     
        Clock Edge:+    2000            0     
       Src Latency:+       0            0     
       Net Latency:+       0 (I)        0 (I) 
           Arrival:=    2000            0     
                                              
      Output Delay:-     200                  
     Required Time:=    1800                  
      Launch Clock:-       0                  
         Data Path:-     224                  
             Slack:=    1576                  

Exceptions/Constraints:
  output_delay             200             counter_fast.sdc_line_4_10_1 

#------------------------------------------------------------------------------------------------
#  Timing Point    Flags    Arc   Edge      Cell        Fanout Load Trans Delay Arrival Instance 
#                                                              (fF)  (ps)  (ps)   (ps)  Location 
#------------------------------------------------------------------------------------------------
  count_reg[3]/clk -       -      R     (arrival)            7    -     0     0       0    (-,-) 
  count_reg[3]/q   (u)     clk->q R     unmapped_d_flop      4 37.0     0   224     224    (-,-) 
  count[3]         -       -      R     (port)               -    -     -     0     224    (-,-) 
#------------------------------------------------------------------------------------------------

(u) : Net has unmapped pin(s).



Path 12: MET (1576 ps) Late External Delay Assertion at pin count[4]
           View: view_wcl_fast
          Group: clk
     Startpoint: (R) count_reg[4]/clk
          Clock: (R) clk
       Endpoint: (R) count[4]
          Clock: (R) clk

                     Capture       Launch     
        Clock Edge:+    2000            0     
       Src Latency:+       0            0     
       Net Latency:+       0 (I)        0 (I) 
           Arrival:=    2000            0     
                                              
      Output Delay:-     200                  
     Required Time:=    1800                  
      Launch Clock:-       0                  
         Data Path:-     224                  
             Slack:=    1576                  

Exceptions/Constraints:
  output_delay             200             counter_fast.sdc_line_4_9_1 

#------------------------------------------------------------------------------------------------
#  Timing Point    Flags    Arc   Edge      Cell        Fanout Load Trans Delay Arrival Instance 
#                                                              (fF)  (ps)  (ps)   (ps)  Location 
#------------------------------------------------------------------------------------------------
  count_reg[4]/clk -       -      R     (arrival)            7    -     0     0       0    (-,-) 
  count_reg[4]/q   (u)     clk->q R     unmapped_d_flop      4 37.0     0   224     224    (-,-) 
  count[4]         -       -      R     (port)               -    -     -     0     224    (-,-) 
#------------------------------------------------------------------------------------------------

(u) : Net has unmapped pin(s).



Path 13: MET (1576 ps) Late External Delay Assertion at pin count[5]
           View: view_wcl_fast
          Group: clk
     Startpoint: (R) count_reg[5]/clk
          Clock: (R) clk
       Endpoint: (R) count[5]
          Clock: (R) clk

                     Capture       Launch     
        Clock Edge:+    2000            0     
       Src Latency:+       0            0     
       Net Latency:+       0 (I)        0 (I) 
           Arrival:=    2000            0     
                                              
      Output Delay:-     200                  
     Required Time:=    1800                  
      Launch Clock:-       0                  
         Data Path:-     224                  
             Slack:=    1576                  

Exceptions/Constraints:
  output_delay             200             counter_fast.sdc_line_4_8_1 

#------------------------------------------------------------------------------------------------
#  Timing Point    Flags    Arc   Edge      Cell        Fanout Load Trans Delay Arrival Instance 
#                                                              (fF)  (ps)  (ps)   (ps)  Location 
#------------------------------------------------------------------------------------------------
  count_reg[5]/clk -       -      R     (arrival)            7    -     0     0       0    (-,-) 
  count_reg[5]/q   (u)     clk->q R     unmapped_d_flop      4 37.0     0   224     224    (-,-) 
  count[5]         -       -      R     (port)               -    -     -     0     224    (-,-) 
#------------------------------------------------------------------------------------------------

(u) : Net has unmapped pin(s).



Path 14: MET (1576 ps) Late External Delay Assertion at pin count[6]
           View: view_wcl_fast
          Group: clk
     Startpoint: (R) count_reg[6]/clk
          Clock: (R) clk
       Endpoint: (R) count[6]
          Clock: (R) clk

                     Capture       Launch     
        Clock Edge:+    2000            0     
       Src Latency:+       0            0     
       Net Latency:+       0 (I)        0 (I) 
           Arrival:=    2000            0     
                                              
      Output Delay:-     200                  
     Required Time:=    1800                  
      Launch Clock:-       0                  
         Data Path:-     224                  
             Slack:=    1576                  

Exceptions/Constraints:
  output_delay             200             counter_fast.sdc_line_4_7_1 

#------------------------------------------------------------------------------------------------
#  Timing Point    Flags    Arc   Edge      Cell        Fanout Load Trans Delay Arrival Instance 
#                                                              (fF)  (ps)  (ps)   (ps)  Location 
#------------------------------------------------------------------------------------------------
  count_reg[6]/clk -       -      R     (arrival)            7    -     0     0       0    (-,-) 
  count_reg[6]/q   (u)     clk->q R     unmapped_d_flop      4 37.0     0   224     224    (-,-) 
  count[6]         -       -      R     (port)               -    -     -     0     224    (-,-) 
#------------------------------------------------------------------------------------------------

(u) : Net has unmapped pin(s).



Path 15: MET (1587 ps) Late External Delay Assertion at pin count[1]
           View: view_wcl_fast
          Group: clk
     Startpoint: (R) count_reg[1]/clk
          Clock: (R) clk
       Endpoint: (R) count[1]
          Clock: (R) clk

                     Capture       Launch     
        Clock Edge:+    2000            0     
       Src Latency:+       0            0     
       Net Latency:+       0 (I)        0 (I) 
           Arrival:=    2000            0     
                                              
      Output Delay:-     200                  
     Required Time:=    1800                  
      Launch Clock:-       0                  
         Data Path:-     213                  
             Slack:=    1587                  

Exceptions/Constraints:
  output_delay             200             counter_fast.sdc_line_4_12_1 

#------------------------------------------------------------------------------------------------
#  Timing Point    Flags    Arc   Edge      Cell        Fanout Load Trans Delay Arrival Instance 
#                                                              (fF)  (ps)  (ps)   (ps)  Location 
#------------------------------------------------------------------------------------------------
  count_reg[1]/clk -       -      R     (arrival)            7    -     0     0       0    (-,-) 
  count_reg[1]/q   (u)     clk->q R     unmapped_d_flop      3 26.9     0   213     213    (-,-) 
  count[1]         -       -      R     (port)               -    -     -     0     213    (-,-) 
#------------------------------------------------------------------------------------------------

(u) : Net has unmapped pin(s).



Path 16: MET (1587 ps) Late External Delay Assertion at pin count[7]
           View: view_wcl_fast
          Group: clk
     Startpoint: (R) count_reg[7]/clk
          Clock: (R) clk
       Endpoint: (R) count[7]
          Clock: (R) clk

                     Capture       Launch     
        Clock Edge:+    2000            0     
       Src Latency:+       0            0     
       Net Latency:+       0 (I)        0 (I) 
           Arrival:=    2000            0     
                                              
      Output Delay:-     200                  
     Required Time:=    1800                  
      Launch Clock:-       0                  
         Data Path:-     213                  
             Slack:=    1587                  

Exceptions/Constraints:
  output_delay             200             counter_fast.sdc_line_4 

#------------------------------------------------------------------------------------------------
#  Timing Point    Flags    Arc   Edge      Cell        Fanout Load Trans Delay Arrival Instance 
#                                                              (fF)  (ps)  (ps)   (ps)  Location 
#------------------------------------------------------------------------------------------------
  count_reg[7]/clk -       -      R     (arrival)            7    -     0     0       0    (-,-) 
  count_reg[7]/q   (u)     clk->q R     unmapped_d_flop      3 26.9     0   213     213    (-,-) 
  count[7]         -       -      R     (port)               -    -     -     0     213    (-,-) 
#------------------------------------------------------------------------------------------------

(u) : Net has unmapped pin(s).



Path 17: MET (1641 ps) Setup Check with Pin count_reg[0]/clk->d
           View: view_wcl_fast
          Group: clk
     Startpoint: (R) count_reg[0]/clk
          Clock: (R) clk
       Endpoint: (R) count_reg[0]/d
          Clock: (R) clk

                     Capture       Launch     
        Clock Edge:+    2000            0     
       Src Latency:+       0            0     
       Net Latency:+       0 (I)        0 (I) 
           Arrival:=    2000            0     
                                              
             Setup:-     100                  
     Required Time:=    1900                  
      Launch Clock:-       0                  
         Data Path:-     259                  
             Slack:=    1641                  

#-------------------------------------------------------------------------------------------------
#  Timing Point    Flags    Arc    Edge      Cell        Fanout Load Trans Delay Arrival Instance 
#                                                               (fF)  (ps)  (ps)   (ps)  Location 
#-------------------------------------------------------------------------------------------------
  count_reg[0]/clk -       -       R     (arrival)            3    -     0     0       0    (-,-) 
  count_reg[0]/q   (u)     clk->q  F     unmapped_d_flop      4 37.0     0   224     224    (-,-) 
  g31/z            (u)     in_0->z R     unmapped_not         1 10.1     0    35     259    (-,-) 
  count_reg[0]/d   -       -       R     unmapped_d_flop      1    -     -     0     259    (-,-) 
#-------------------------------------------------------------------------------------------------

(u) : Net has unmapped pin(s).



Path 18: MET (1652 ps) Setup Check with Pin count_reg[1]/clk->d
           View: view_wcl_fast
          Group: clk
     Startpoint: (R) count_reg[1]/clk
          Clock: (R) clk
       Endpoint: (R) count_reg[1]/d
          Clock: (R) clk

                     Capture       Launch     
        Clock Edge:+    2000            0     
       Src Latency:+       0            0     
       Net Latency:+       0 (I)        0 (I) 
           Arrival:=    2000            0     
                                              
             Setup:-     100                  
     Required Time:=    1900                  
      Launch Clock:-       0                  
         Data Path:-     248                  
             Slack:=    1652                  

#-------------------------------------------------------------------------------------------------
#  Timing Point    Flags    Arc    Edge      Cell        Fanout Load Trans Delay Arrival Instance 
#                                                               (fF)  (ps)  (ps)   (ps)  Location 
#-------------------------------------------------------------------------------------------------
  count_reg[1]/clk -       -       R     (arrival)            7    -     0     0       0    (-,-) 
  count_reg[1]/q   (u)     clk->q  F     unmapped_d_flop      3 26.9     0   213     213    (-,-) 
  RC_CG_INVERTER/z (u)     in_0->z R     unmapped_not         1 10.1     0    35     248    (-,-) 
  count_reg[1]/d   -       -       R     unmapped_d_flop      1    -     -     0     248    (-,-) 
#-------------------------------------------------------------------------------------------------

(u) : Net has unmapped pin(s).

Some unconstrained paths have not been displayed.
Use -unconstrained or set the root attribute 'timing_report_unconstrained' to 'true' to see only these unconstrained paths.

