============================================================
  Generated by:           Genus(TM) Synthesis Solution 21.14-s082_1
  Generated on:           Jan 22 2026  04:38:50 pm
  Module:                 counter
  Library domain:         timing_cond_wcl_slow
    Domain index:         0
    Technology library:   tsmc18 1.0
  Library domain:         timing_cond_wcl_fast
    Domain index:         1
    Technology library:   tsmc18 1.0
  Library domain:         timing_cond_wcl_typical
    Domain index:         2
    Technology library:   typical 1.0
  Operating conditions:   slow 
  Operating conditions:   fast 
  Operating conditions:   typical 
  Interconnect mode:      global
  Area mode:              physical library
============================================================

Timing
--------

  Analysis view  Clock Period 
------------------------------
view_wcl_slow    clk   6000.0 
view_wcl_fast    clk   2000.0 
view_wcl_typical clk   4000.0 


    Analysis             Cost         Critical        Violating 
      View              Group        Path Slack  TNS    Paths   
----------------------------------------------------------------
view_wcl_slow    cg_enable_group_clk   No paths  0.0          0 
                                 clk     2415.0  0.0          0 
                             default   No paths  0.0          0 
----------------------------------------------------------------
Total                                           -0.0          0 
                                                                
view_wcl_fast    cg_enable_group_clk      730.5  0.0          0 
                                 clk      802.0  0.0          0 
                             default   No paths  0.0          0 
----------------------------------------------------------------
Total                                           -0.0          0 
                                                                
view_wcl_typical cg_enable_group_clk   No paths  0.0          0 
                                 clk     1628.5  0.0          0 
                             default   No paths  0.0          0 
----------------------------------------------------------------
Total                                           -0.0          0 
                                                                

Instance Count
--------------
Leaf Instance Count             38 
Physical Instance count          0 
Sequential Instance Count        9 
Combinational Instance Count    29 
Hierarchical Instance Count      1 

Area
----
Cell Area                          1318.180
Physical Cell Area                 0.000
Total Cell Area (Cell+Physical)    1318.180
Net Area                           61.937
Total Area (Cell+Physical+Net)     1380.117

Runtime                            0.0 seconds
Elapsed Runtime                    16644 seconds
Genus peak memory usage            1557.55 
Innovus peak memory usage          no_value 
Hostname                           localhost
