============================================================
  Generated by:           Genus(TM) Synthesis Solution 21.14-s082_1
  Generated on:           Jan 22 2026  04:39:07 pm
  Module:                 counter
  Library domain:         timing_cond_wcl_slow
    Domain index:         0
    Technology library:   tsmc18 1.0
  Library domain:         timing_cond_wcl_fast
    Domain index:         1
    Technology library:   tsmc18 1.0
  Library domain:         timing_cond_wcl_typical
    Domain index:         2
    Technology library:   typical 1.0
  Operating conditions:   slow 
  Operating conditions:   fast 
  Operating conditions:   typical 
  Interconnect mode:      global
  Area mode:              physical library
============================================================

                                Leakage            Library 
   Gate    Instances   Area   Power (nW)  Library   Domain 
-----------------------------------------------------------
AND2X1             1   13.306      0.539    tsmc18       0 
AND2X2             6   79.834      3.969    tsmc18       0 
AOI2BB1X1          5   83.160      3.809    tsmc18       0 
DFFRX1             7  535.550     12.739    tsmc18       0 
INVXL              1    6.653      0.114    tsmc18       0 
JKFFRXL            1   86.486      2.029    tsmc18       0 
OR2X2              1   13.306      0.791    tsmc18       0 
TLATNX1            1   36.590      1.347    tsmc18       0 
-----------------------------------------------------------
total             23  854.885     25.338           


                                          Leakage  Leakage 
     Type      Instances   Area  Area % Power (nW) Power % 
-----------------------------------------------------------
sequential             9 658.627   77.0     16.115    63.6 
inverter               1   6.653    0.8      0.114     0.4 
logic                 13 189.605   22.2      9.108    35.9 
physical_cells         0   0.000    0.0      0.000     0.0 
-----------------------------------------------------------
total                 23 854.885  100.0     25.338   100.0 

