============================================================
  Generated by:           Genus(TM) Synthesis Solution 21.14-s082_1
  Generated on:           Jan 22 2026  04:39:07 pm
  Module:                 counter
  Library domain:         timing_cond_wcl_slow
    Domain index:         0
    Technology library:   tsmc18 1.0
  Library domain:         timing_cond_wcl_fast
    Domain index:         1
    Technology library:   tsmc18 1.0
  Library domain:         timing_cond_wcl_typical
    Domain index:         2
    Technology library:   typical 1.0
  Operating conditions:   slow 
  Operating conditions:   fast 
  Operating conditions:   typical 
  Interconnect mode:      global
  Area mode:              physical library
============================================================

Instance Module  Cell Count  Cell Area  Net Area   Total Area 
--------------------------------------------------------------
counter                  23    854.885   268.593     1123.478 
